18:13:21.665 [main                     ] DEBUG Logger               - Configured Logger
18:13:21.676 [main                     ] DEBUG GameApplication      - Logging settings
Title: Stupid chess game
Version: 0.0
Width: 800
Height: 850
Fullscreen: false
Intro: false
Profiling: false
Single step:false
App Mode: DEVELOPER
Menu Key: ESCAPE
Stage Style: DECORATED
Scene Factory: class com.almasb.fxgl.app.scene.SceneFactory

18:13:21.860 [JavaFX Application Thread] DEBUG FXGLApplication      - Initializing FXGL
18:13:21.862 [JavaFX Application Thread] INFO  Engine               - FXGL-17.3 (30.03.2023 11.49) on LINUX (J:23 FX:17.0.6)
18:13:21.863 [JavaFX Application Thread] DEBUG Engine               - JRE Vendor Name: Arch Linux
18:13:21.863 [JavaFX Application Thread] DEBUG Engine               - Running on OS: Linux version 6.6.65-1-MANJARO
18:13:21.863 [JavaFX Application Thread] DEBUG Engine               - Architecture: amd64
18:13:21.863 [JavaFX Application Thread] INFO  Engine               - Source code and latest versions at: https://github.com/AlmasB/FXGL
18:13:21.863 [JavaFX Application Thread] INFO  Engine               -       Ask questions and discuss at: https://github.com/AlmasB/FXGL/discussions
18:13:21.863 [JavaFX Application Thread] INFO  Engine               -              Join the FXGL chat at: https://gitter.im/AlmasB/FXGL
18:13:21.903 [JavaFX Application Thread] DEBUG PrimaryStageWindow   - Creating a JavaFX scene
18:13:21.965 [JavaFX Application Thread] DEBUG PrimaryStageWindow   - Target settings size: 800.0 x 850.0
18:13:21.965 [JavaFX Application Thread] DEBUG PrimaryStageWindow   - Scaled scene size:    800.0 x 850.0
18:13:21.966 [JavaFX Application Thread] DEBUG PrimaryStageWindow   - Scaled ratio: (1.0, 1.0)
18:13:21.966 [JavaFX Application Thread] DEBUG PrimaryStageWindow   - Set initial scene to FXGLStartupScene
18:13:21.970 [JavaFX Application Thread] DEBUG PrimaryStageWindow   - Opening main window
18:13:21.987 [JavaFX Application Thread] DEBUG PrimaryStageWindow   - Window border size: (2.0, 29.0)
18:13:21.987 [JavaFX Application Thread] DEBUG PrimaryStageWindow   - Scaled size: 800.0 x 850.0
18:13:21.987 [JavaFX Application Thread] DEBUG PrimaryStageWindow   - Scaled ratio: (1.0, 1.0)
18:13:21.987 [JavaFX Application Thread] DEBUG PrimaryStageWindow   - Scene size: 800.0 x 850.0
18:13:21.987 [JavaFX Application Thread] DEBUG PrimaryStageWindow   - Stage size: 802.0 x 879.0
18:13:21.990 [FXGL Background Thread 1 ] DEBUG Engine               - Initializing environment variables
18:13:22.025 [FXGL Background Thread 1 ] DEBUG FXGLAssetLoaderServi - User app class for loading assets: class chess.chess.GameBoardApplication
18:13:22.025 [FXGL Background Thread 1 ] DEBUG GameApplicationServi - Applying CSS: fxgl_dark.css
18:13:22.025 [FXGL Background Thread 1 ] DEBUG FXGLAssetLoaderServi - Loading from file system: jar:file:///home/aritn/.m2/repository/com/github/almasb/fxgl/17.3/fxgl-17.3.jar!/fxglassets/ui/css/fxgl_dark.css
18:13:22.044 [FXGL Background Thread 1 ] DEBUG GameApplicationServi - Initializing application scenes
18:13:22.074 [FXGL Background Thread 1 ] DEBUG GameWorld            - Game world initialized
18:13:22.097 [FXGL Background Thread 1 ] DEBUG PhysicsWorld         - Physics world initialized: appHeight=850, physics.ppm=50.0
18:13:22.097 [FXGL Background Thread 1 ] DEBUG PhysicsWorld         - Using strategy: BRUTE_FORCE
18:13:22.099 [FXGL Background Thread 1 ] DEBUG GameScene            - Game scene initialized: 800x850
18:13:22.104 [FXGL Background Thread 1 ] DEBUG FXGL.DefaultMenu     - createMenuBodyGameMenu()
18:13:22.109 [FXGL Background Thread 1 ] DEBUG FXGL.DefaultMenu     - createOptionsMenu()
18:13:22.113 [FXGL Background Thread 1 ] DEBUG FXGLAssetLoaderServi - Loading from file system: jar:file:///home/aritn/.m2/repository/com/github/almasb/fxgl/17.3/fxgl-17.3.jar!/fxglassets/textures/particles/smoke.png
18:13:22.151 [FXGL Background Thread 1 ] DEBUG FXGLAssetLoaderServi - Loading from file system: jar:file:///home/aritn/.m2/repository/com/github/almasb/fxgl/17.3/fxgl-17.3.jar!/fxglassets/textures/particles/trace_horizontal.png
18:13:22.164 [FXGL Background Thread 1 ] DEBUG GameApplicationServi - Application scenes initialized
18:13:22.169 [FXGL Background Thread 1 ] DEBUG SystemBundleService  - Loading FXGL system data
18:13:22.170 [FXGL Background Thread 1 ] DEBUG FileSystemAccess     - Reading from: /home/aritn/Documents/Projects/IdeaProjects/Chess/system/fxgl.bundle
18:13:22.173 [FXGL Background Thread 1 ] DEBUG SystemBundleService  - Bundle FXGL: {}
18:13:22.173 [FXGL Background Thread 1 ] DEBUG UpdaterService       - Checking for updates
18:13:22.175 [FXGL Background Thread 4 ] DEBUG FXGLApplication      - Loading fonts
18:13:22.176 [FXGL Background Thread 4 ] DEBUG FXGLAssetLoaderServi - Loading from file system: jar:file:///home/aritn/.m2/repository/com/github/almasb/fxgl/17.3/fxgl-17.3.jar!/fxglassets/ui/fonts/VarelaRound-Regular.ttf
18:13:22.176 [FXGL Background Thread 1 ] DEBUG FXGLApplication      - Loading default localization
18:13:22.176 [FXGL Background Thread 1 ] DEBUG FXGLAssetLoaderServi - Loading from file system: jar:file:///home/aritn/.m2/repository/com/github/almasb/fxgl/17.3/fxgl-17.3.jar!/fxglassets/languages/english.lang
18:13:22.185 [FXGL Background Thread 4 ] DEBUG FXGLAssetLoaderServi - Loading from file system: jar:file:///home/aritn/.m2/repository/com/github/almasb/fxgl/17.3/fxgl-17.3.jar!/fxglassets/ui/fonts/Abel-Regular.ttf
18:13:22.186 [FXGL Background Thread 4 ] DEBUG FXGLAssetLoaderServi - Loading from file system: jar:file:///home/aritn/.m2/repository/com/github/almasb/fxgl/17.3/fxgl-17.3.jar!/fxglassets/ui/fonts/TerminalLandMono-Regular.otf
18:13:22.188 [FXGL Background Thread 4 ] DEBUG FXGLAssetLoaderServi - Loading from file system: jar:file:///home/aritn/.m2/repository/com/github/almasb/fxgl/17.3/fxgl-17.3.jar!/fxglassets/ui/fonts/Courier-Prime.ttf
18:13:22.189 [JavaFX Application Thread] DEBUG FXGLApplication      - Registering font factories with UI factory
18:13:22.192 [FXGL Background Thread 1 ] INFO  FXGLApplication      - FXGL initialization took: 0.202 sec
18:13:22.193 [JavaFX Application Thread] DEBUG FXGLAssetLoaderServi - Loading from file system: jar:file:///home/aritn/.m2/repository/com/github/almasb/fxgl/17.3/fxgl-17.3.jar!/fxglassets/textures/fxgl_icon.png
18:13:22.204 [JavaFX Application Thread] DEBUG FXGLAssetLoaderServi - Loading from file system: jar:file:///home/aritn/.m2/repository/com/github/almasb/fxgl/17.3/fxgl-17.3.jar!/fxglassets/textures/fxgl_default_cursor.png
18:13:22.209 [JavaFX Application Thread] DEBUG Input                - Registered new binding: Screenshot - CTRL+8
18:13:22.209 [JavaFX Application Thread] DEBUG Input                - Registered new binding: System info dump - CTRL+9
18:13:22.209 [JavaFX Application Thread] DEBUG Input                - Registered new binding: Restart - CTRL+R
18:13:22.209 [JavaFX Application Thread] DEBUG Input                - Registered new binding: Toggle Debug Camera - CTRL+7
18:13:22.210 [JavaFX Application Thread] DEBUG LoopRunner           - Starting loop
18:13:22.210 [JavaFX Application Thread] DEBUG LoopRunner           - Initializing JavaFX AnimationTimerLoop
18:13:22.211 [JavaFX Application Thread] DEBUG GameApplicationServi - Starting new game
18:13:22.211 [JavaFX Application Thread] DEBUG Input                - Clearing active input actions
18:13:22.217 [JavaFX Application Thread] DEBUG GameApplicationServi - Removing overlay from FXGLStartupScene and adding to FXGLLoadingScene
18:13:22.218 [JavaFX Application Thread] DEBUG PrimaryStageWindow   - FXGLStartupScene -> FXGLLoadingScene
18:13:22.218 [JavaFX Application Thread] DEBUG GameApplicationServi - Clearing previous game
18:13:22.218 [JavaFX Application Thread] DEBUG GameScene            - Clearing game scene
18:13:22.218 [JavaFX Application Thread] DEBUG GameWorld            - Clearing game world
18:13:22.218 [JavaFX Application Thread] DEBUG PhysicsWorld         - Clearing physics world
18:13:22.219 [FXGL Background Thread 1 ] DEBUG FXGLApplication      - Initializing game
18:13:22.220 [FXGL Background Thread 1 ] DEBUG FXGLAssetLoaderServi - Loading from file system: file:/home/aritn/Documents/Projects/IdeaProjects/Chess/target/classes/assets/textures/blue-marble.jpg
18:13:22.264 [JavaFX Application Thread] DEBUG LoopRunner           - Stopping loop
18:13:22.266 [JavaFX Application Thread] FATAL FXGLApplication      - Uncaught Exception:
java.lang.RuntimeException: Initialization failed
	at com.almasb.fxgl.all@17.3/com.almasb.fxgl.app.FXGLApplication$InitAppTask.failed(FXGLApplication.kt:343)
	at javafx.graphics/javafx.concurrent.Task.setState(Task.java:710)
	at javafx.graphics/javafx.concurrent.Task$TaskCallable.lambda$call$2(Task.java:1456)
	at javafx.graphics/com.sun.javafx.application.PlatformImpl.lambda$runLater$10(PlatformImpl.java:457)
	at java.base/java.security.AccessController.doPrivileged(AccessController.java:400)
	at javafx.graphics/com.sun.javafx.application.PlatformImpl.lambda$runLater$11(PlatformImpl.java:456)
	at javafx.graphics/com.sun.glass.ui.InvokeLaterDispatcher$Future.run$$$capture(InvokeLaterDispatcher.java:96)
	at javafx.graphics/com.sun.glass.ui.InvokeLaterDispatcher$Future.run(InvokeLaterDispatcher.java)
	at --- Async.Stack.Trace --- (captured by IntelliJ IDEA debugger)
	at javafx.graphics/com.sun.glass.ui.InvokeLaterDispatcher.invokeLater(InvokeLaterDispatcher.java)
	at javafx.graphics/com.sun.glass.ui.gtk.GtkApplication._invokeLater(GtkApplication.java:342)
	at javafx.graphics/com.sun.glass.ui.Application.invokeLater(Application.java:485)
	at javafx.graphics/com.sun.javafx.tk.quantum.QuantumToolkit.defer(QuantumToolkit.java:823)
	at javafx.graphics/com.sun.javafx.application.PlatformImpl.runLater(PlatformImpl.java:453)
	at javafx.graphics/com.sun.javafx.application.PlatformImpl.runLater(PlatformImpl.java:432)
	at javafx.graphics/javafx.application.Platform.runLater(Platform.java:162)
	at javafx.graphics/javafx.concurrent.Task.runLater(Task.java:1228)
	at javafx.graphics/javafx.concurrent.Task$TaskCallable.call(Task.java:1454)
	at java.base/java.util.concurrent.FutureTask.run$$$capture(FutureTask.java:317)
	at java.base/java.util.concurrent.FutureTask.run(FutureTask.java)
	at --- Async.Stack.Trace --- (captured by IntelliJ IDEA debugger)
	at java.base/java.util.concurrent.FutureTask.<init>(FutureTask.java:132)
	at javafx.graphics/javafx.concurrent.Task.<init>(Task.java:675)
	at javafx.graphics/javafx.concurrent.Task.<init>(Task.java:660)
	at com.almasb.fxgl.all@17.3/com.almasb.fxgl.app.FXGLApplication$InitAppTask.<init>(FXGLApplication.kt:311)
	at com.almasb.fxgl.all@17.3/com.almasb.fxgl.app.FXGLApplication$GameApplicationService.startNewGame(FXGLApplication.kt:615)
	at com.almasb.fxgl.all@17.3/com.almasb.fxgl.dsl.FXGL$Companion$controller$1.startNewGame(FXGL.kt:130)
	at com.almasb.fxgl.all@17.3/com.almasb.fxgl.app.FXGLApplication.setFirstSceneAfterStartup(FXGLApplication.kt:267)
	at com.almasb.fxgl.all@17.3/com.almasb.fxgl.app.FXGLApplication.startImpl$lambda$3(FXGLApplication.kt:146)
	at com.almasb.fxgl.core@17.3/com.almasb.fxgl.core.concurrent.IOTask.succeed(IOTask.java:164)
	at com.almasb.fxgl.core@17.3/com.almasb.fxgl.core.concurrent.IOTask$1.succeeded(IOTask.java:153)
	at javafx.graphics/javafx.concurrent.Task.setState(Task.java:726)
	at javafx.graphics/javafx.concurrent.Task$TaskCallable.lambda$call$1(Task.java:1437)
	at javafx.graphics/com.sun.javafx.application.PlatformImpl.lambda$runLater$10(PlatformImpl.java:457)
	at java.base/java.security.AccessController.doPrivileged(AccessController.java:400)
	at javafx.graphics/com.sun.javafx.application.PlatformImpl.lambda$runLater$11(PlatformImpl.java:456)
	at javafx.graphics/com.sun.glass.ui.InvokeLaterDispatcher$Future.run$$$capture(InvokeLaterDispatcher.java:96)
	at javafx.graphics/com.sun.glass.ui.InvokeLaterDispatcher$Future.run(InvokeLaterDispatcher.java)
	at --- Async.Stack.Trace --- (captured by IntelliJ IDEA debugger)
	at javafx.graphics/com.sun.glass.ui.InvokeLaterDispatcher.invokeLater(InvokeLaterDispatcher.java)
	at javafx.graphics/com.sun.glass.ui.gtk.GtkApplication._invokeLater(GtkApplication.java:342)
	at javafx.graphics/com.sun.glass.ui.Application.invokeLater(Application.java:485)
	at javafx.graphics/com.sun.javafx.tk.quantum.QuantumToolkit.defer(QuantumToolkit.java:823)
	at javafx.graphics/com.sun.javafx.application.PlatformImpl.runLater(PlatformImpl.java:453)
	at javafx.graphics/com.sun.javafx.application.PlatformImpl.runLater(PlatformImpl.java:432)
	at javafx.graphics/javafx.application.Platform.runLater(Platform.java:162)
	at javafx.graphics/javafx.concurrent.Task.runLater(Task.java:1228)
	at javafx.graphics/javafx.concurrent.Task$TaskCallable.call(Task.java:1430)
	at java.base/java.util.concurrent.FutureTask.run$$$capture(FutureTask.java:317)
	at java.base/java.util.concurrent.FutureTask.run(FutureTask.java)
	at --- Async.Stack.Trace --- (captured by IntelliJ IDEA debugger)
	at java.base/java.util.concurrent.FutureTask.<init>(FutureTask.java:132)
	at javafx.graphics/javafx.concurrent.Task.<init>(Task.java:675)
	at javafx.graphics/javafx.concurrent.Task.<init>(Task.java:660)
	at com.almasb.fxgl.core@17.3/com.almasb.fxgl.core.concurrent.IOTask$1.<init>(IOTask.java:142)
	at com.almasb.fxgl.core@17.3/com.almasb.fxgl.core.concurrent.IOTask.toJavaFXTask(IOTask.java:142)
	at com.almasb.fxgl.all@17.3/com.almasb.fxgl.app.FXGLApplication.startImpl(FXGLApplication.kt:149)
	at com.almasb.fxgl.all@17.3/com.almasb.fxgl.app.FXGLApplication.start(FXGLApplication.kt:112)
	at javafx.graphics/com.sun.javafx.application.LauncherImpl.lambda$launchApplication1$9(LauncherImpl.java:847)
	at javafx.graphics/com.sun.javafx.application.PlatformImpl.lambda$runAndWait$12(PlatformImpl.java:484)
	at javafx.graphics/com.sun.javafx.application.PlatformImpl.lambda$runLater$10(PlatformImpl.java:457)
	at java.base/java.security.AccessController.doPrivileged(AccessController.java:400)
	at javafx.graphics/com.sun.javafx.application.PlatformImpl.lambda$runLater$11(PlatformImpl.java:456)
	at javafx.graphics/com.sun.glass.ui.InvokeLaterDispatcher$Future.run$$$capture(InvokeLaterDispatcher.java:96)
	at javafx.graphics/com.sun.glass.ui.InvokeLaterDispatcher$Future.run(InvokeLaterDispatcher.java)
	at --- Async.Stack.Trace --- (captured by IntelliJ IDEA debugger)
	at javafx.graphics/com.sun.glass.ui.InvokeLaterDispatcher.invokeLater(InvokeLaterDispatcher.java)
	at javafx.graphics/com.sun.glass.ui.gtk.GtkApplication._invokeLater(GtkApplication.java:342)
	at javafx.graphics/com.sun.glass.ui.Application.invokeLater(Application.java:485)
	at javafx.graphics/com.sun.javafx.tk.quantum.QuantumToolkit.defer(QuantumToolkit.java:823)
	at javafx.graphics/com.sun.javafx.application.PlatformImpl.runLater(PlatformImpl.java:453)
	at javafx.graphics/com.sun.javafx.application.PlatformImpl.runAndWait(PlatformImpl.java:482)
	at javafx.graphics/com.sun.javafx.application.PlatformImpl.runAndWait(PlatformImpl.java:469)
	at javafx.graphics/com.sun.javafx.application.LauncherImpl.launchApplication1(LauncherImpl.java:840)
	at javafx.graphics/com.sun.javafx.application.LauncherImpl.lambda$launchApplication$2(LauncherImpl.java:196)
	at java.base/java.lang.Thread.run(Thread.java:1575)
Caused by: java.lang.NullPointerException: Cannot invoke "logic.Tile.setPiece(logic.pieces.Piece)" because "this.tiles[x][1]" is null
	at chess.chess/logic.Board.init(Board.java:30)
	at chess.chess/logic.Board.<init>(Board.java:12)
	at chess.chess/logic.Engine.<init>(Engine.java:8)
	at chess.chess/logic.Engine.getInstance(Engine.java:13)
	at chess.chess/chess.chess.GameBoardApplication.initGame(GameBoardApplication.java:69)
	at com.almasb.fxgl.all@17.3/com.almasb.fxgl.app.FXGLApplication$InitAppTask.initGame(FXGLApplication.kt:339)
	at com.almasb.fxgl.all@17.3/com.almasb.fxgl.app.FXGLApplication$InitAppTask.call(FXGLApplication.kt:319)
	at com.almasb.fxgl.all@17.3/com.almasb.fxgl.app.FXGLApplication$InitAppTask.call(FXGLApplication.kt:311)
	at javafx.graphics/javafx.concurrent.Task$TaskCallable.call(Task.java:1426)
	... 58 more

18:13:22.267 [JavaFX Application Thread] FATAL FXGLApplication      - Application will now exit
18:13:22.276 [JavaFX Application Thread] DEBUG PrimaryStageWindow   - Push state: ErrorSubScene
18:13:22.276 [JavaFX Application Thread] DEBUG Input                - Clearing active input actions
18:13:22.278 [JavaFX Application Thread] DEBUG GameApplicationServi - Removing overlay from FXGLLoadingScene and adding to ErrorSubScene
18:13:22.278 [JavaFX Application Thread] DEBUG PrimaryStageWindow   - FXGLLoadingScene -> ErrorSubScene
18:13:23.417 [FXGL Background Thread 2 ] INFO  UpdaterService       - Your current version:  17.3
18:13:23.417 [FXGL Background Thread 2 ] INFO  UpdaterService       - Latest stable version: 21.1
18:13:25.175 [FXGL Background Thread 3 ] DEBUG Engine               - Logging environment variables
18:13:25.175 [FXGL Background Thread 3 ] DEBUG Engine               - achievements: []
18:13:25.175 [FXGL Background Thread 3 ] DEBUG Engine               - actualHeight: 821.0
18:13:25.175 [FXGL Background Thread 3 ] DEBUG Engine               - actualHeightProperty: ReadOnlyDoubleProperty [value: 853.0]
18:13:25.175 [FXGL Background Thread 3 ] DEBUG Engine               - actualWidth: 798.0
18:13:25.175 [FXGL Background Thread 3 ] DEBUG Engine               - actualWidthProperty: ReadOnlyDoubleProperty [value: 806.0]
18:13:25.175 [FXGL Background Thread 3 ] DEBUG Engine               - appIcon: fxgl_icon.png
18:13:25.175 [FXGL Background Thread 3 ] DEBUG Engine               - applicationMode: DEVELOPER
18:13:25.175 [FXGL Background Thread 3 ] DEBUG Engine               - cSSList: [fxgl_dark.css]
18:13:25.175 [FXGL Background Thread 3 ] DEBUG Engine               - collisionDetectionStrategy: BRUTE_FORCE
18:13:25.175 [FXGL Background Thread 3 ] DEBUG Engine               - configClass: Optional.empty
18:13:25.175 [FXGL Background Thread 3 ] DEBUG Engine               - credits: []
18:13:25.176 [FXGL Background Thread 3 ] DEBUG Engine               - defaultCursor: CursorInfo(imageName=fxgl_default_cursor.png, hotspotX=7.0, hotspotY=6.0)
18:13:25.176 [FXGL Background Thread 3 ] DEBUG Engine               - devBBoxColorProperty: ObjectProperty [value: 0xff0000ff]
18:13:25.176 [FXGL Background Thread 3 ] DEBUG Engine               - devEnableDebugCameraProperty: BooleanProperty [value: false]
18:13:25.176 [FXGL Background Thread 3 ] DEBUG Engine               - devSensorColorProperty: ObjectProperty [value: 0xffff00ff]
18:13:25.176 [FXGL Background Thread 3 ] DEBUG Engine               - devShowBBoxProperty: BooleanProperty [value: false]
18:13:25.176 [FXGL Background Thread 3 ] DEBUG Engine               - devShowPositionProperty: BooleanProperty [value: false]
18:13:25.176 [FXGL Background Thread 3 ] DEBUG Engine               - enabledMenuItems: []
18:13:25.176 [FXGL Background Thread 3 ] DEBUG Engine               - engineServices: [class com.almasb.fxgl.app.services.FXGLAssetLoaderService, class com.almasb.fxgl.app.FXGLApplication$GameApplicationService, class com.almasb.fxgl.app.services.FXGLDialogService, class com.almasb.fxgl.app.services.IOTaskExecutorService, class com.almasb.fxgl.io.FileSystemService, class com.almasb.fxgl.localization.LocalizationService, class com.almasb.fxgl.app.services.SystemBundleService, class com.almasb.fxgl.profile.SaveLoadService, class com.almasb.fxgl.ui.FXGLUIFactoryServiceProvider, class com.almasb.fxgl.ui.FXGLDialogFactoryServiceProvider, class com.almasb.fxgl.audio.AudioPlayer, class com.almasb.fxgl.notification.impl.NotificationServiceProvider, class com.almasb.fxgl.achievement.AchievementService, class com.almasb.fxgl.cutscene.CutsceneService, class com.almasb.fxgl.minigames.MiniGameService, class com.almasb.fxgl.net.NetService, class com.almasb.fxgl.app.services.UpdaterService, class com.almasb.fxgl.dev.DevService]
18:13:25.176 [FXGL Background Thread 3 ] DEBUG Engine               - fontGame: Abel-Regular.ttf
18:13:25.176 [FXGL Background Thread 3 ] DEBUG Engine               - fontMono: TerminalLandMono-Regular.otf
18:13:25.176 [FXGL Background Thread 3 ] DEBUG Engine               - fontSizeScaleUI: 1.0
18:13:25.176 [FXGL Background Thread 3 ] DEBUG Engine               - fontText: Courier-Prime.ttf
18:13:25.176 [FXGL Background Thread 3 ] DEBUG Engine               - fontUI: VarelaRound-Regular.ttf
18:13:25.176 [FXGL Background Thread 3 ] DEBUG Engine               - fullScreen: BooleanProperty [value: false]
18:13:25.176 [FXGL Background Thread 3 ] DEBUG Engine               - gameDifficulty: MEDIUM
18:13:25.176 [FXGL Background Thread 3 ] DEBUG Engine               - gameDifficultyProperty: ObjectProperty [value: MEDIUM]
18:13:25.176 [FXGL Background Thread 3 ] DEBUG Engine               - globalMusicVolume: 0.5
18:13:25.176 [FXGL Background Thread 3 ] DEBUG Engine               - globalMusicVolumeProperty: DoubleProperty [value: 0.5]
18:13:25.176 [FXGL Background Thread 3 ] DEBUG Engine               - globalSoundVolume: 0.5
18:13:25.176 [FXGL Background Thread 3 ] DEBUG Engine               - globalSoundVolumeProperty: DoubleProperty [value: 0.5]
18:13:25.176 [FXGL Background Thread 3 ] DEBUG Engine               - height: 850
18:13:25.176 [FXGL Background Thread 3 ] DEBUG Engine               - is3D: false
18:13:25.176 [FXGL Background Thread 3 ] DEBUG Engine               - isAndroid: false
18:13:25.176 [FXGL Background Thread 3 ] DEBUG Engine               - isBrowser: false
18:13:25.176 [FXGL Background Thread 3 ] DEBUG Engine               - isClickFeedbackEnabled: false
18:13:25.176 [FXGL Background Thread 3 ] DEBUG Engine               - isCloseConfirmation: false
18:13:25.176 [FXGL Background Thread 3 ] DEBUG Engine               - isDesktop: true
18:13:25.176 [FXGL Background Thread 3 ] DEBUG Engine               - isDeveloperMenuEnabled: false
18:13:25.176 [FXGL Background Thread 3 ] DEBUG Engine               - isEmbedded: false
18:13:25.176 [FXGL Background Thread 3 ] DEBUG Engine               - isEntityPreloadEnabled: true
18:13:25.176 [FXGL Background Thread 3 ] DEBUG Engine               - isExperimentalTiledLargeMap: false
18:13:25.176 [FXGL Background Thread 3 ] DEBUG Engine               - isFileSystemWriteAllowed: true
18:13:25.176 [FXGL Background Thread 3 ] DEBUG Engine               - isFullScreenAllowed: false
18:13:25.176 [FXGL Background Thread 3 ] DEBUG Engine               - isFullScreenFromStart: false
18:13:25.177 [FXGL Background Thread 3 ] DEBUG Engine               - isGameMenuEnabled: true
18:13:25.177 [FXGL Background Thread 3 ] DEBUG Engine               - isIOS: false
18:13:25.177 [FXGL Background Thread 3 ] DEBUG Engine               - isIntroEnabled: false
18:13:25.177 [FXGL Background Thread 3 ] DEBUG Engine               - isLinux: true
18:13:25.177 [FXGL Background Thread 3 ] DEBUG Engine               - isMac: false
18:13:25.177 [FXGL Background Thread 3 ] DEBUG Engine               - isMainMenuEnabled: false
18:13:25.177 [FXGL Background Thread 3 ] DEBUG Engine               - isManualResizeEnabled: false
18:13:25.177 [FXGL Background Thread 3 ] DEBUG Engine               - isMobile: false
18:13:25.177 [FXGL Background Thread 3 ] DEBUG Engine               - isNative: false
18:13:25.177 [FXGL Background Thread 3 ] DEBUG Engine               - isPauseMusicWhenMinimized: true
18:13:25.177 [FXGL Background Thread 3 ] DEBUG Engine               - isPreserveResizeRatio: false
18:13:25.177 [FXGL Background Thread 3 ] DEBUG Engine               - isProfilingEnabled: false
18:13:25.177 [FXGL Background Thread 3 ] DEBUG Engine               - isScaleAffectedOnResize: true
18:13:25.177 [FXGL Background Thread 3 ] DEBUG Engine               - isSingleStep: false
18:13:25.177 [FXGL Background Thread 3 ] DEBUG Engine               - isUserProfileEnabled: false
18:13:25.177 [FXGL Background Thread 3 ] DEBUG Engine               - isWindows: false
18:13:25.177 [FXGL Background Thread 3 ] DEBUG Engine               - language: ObjectProperty [value: ENGLISH]
18:13:25.177 [FXGL Background Thread 3 ] DEBUG Engine               - menuKey: ESCAPE
18:13:25.177 [FXGL Background Thread 3 ] DEBUG Engine               - mouseSensitivity: 0.2
18:13:25.177 [FXGL Background Thread 3 ] DEBUG Engine               - notificationViewClass: class com.almasb.fxgl.notification.view.XboxNotificationView
18:13:25.177 [FXGL Background Thread 3 ] DEBUG Engine               - pixelsPerMeter: 50.0
18:13:25.177 [FXGL Background Thread 3 ] DEBUG Engine               - platform: LINUX
18:13:25.177 [FXGL Background Thread 3 ] DEBUG Engine               - prefHeightProperty: ReadOnlyDoubleProperty [value: 850.0]
18:13:25.177 [FXGL Background Thread 3 ] DEBUG Engine               - prefWidthProperty: ReadOnlyDoubleProperty [value: 800.0]
18:13:25.177 [FXGL Background Thread 3 ] DEBUG Engine               - profileDir: profiles/
18:13:25.177 [FXGL Background Thread 3 ] DEBUG Engine               - profileName: StringProperty [value: DEFAULT]
18:13:25.177 [FXGL Background Thread 3 ] DEBUG Engine               - randomSeed: -1
18:13:25.177 [FXGL Background Thread 3 ] DEBUG Engine               - runtimeInfo: RuntimeInfo(platform=LINUX, version=17.3, build=30.03.2023 11.49)
18:13:25.177 [FXGL Background Thread 3 ] DEBUG Engine               - saveFileExt: sav
18:13:25.177 [FXGL Background Thread 3 ] DEBUG Engine               - scaledHeightProp$fxgl: DoubleProperty [bound, value: 853.0]
18:13:25.177 [FXGL Background Thread 3 ] DEBUG Engine               - scaledWidthProp$fxgl: DoubleProperty [bound, value: 806.0]
18:13:25.177 [FXGL Background Thread 3 ] DEBUG Engine               - sceneFactory: com.almasb.fxgl.app.scene.SceneFactory@6f93047e
18:13:25.177 [FXGL Background Thread 3 ] DEBUG Engine               - secondsIn24h: 60
18:13:25.178 [FXGL Background Thread 3 ] DEBUG Engine               - soundMenuBack: menu/back.wav
18:13:25.178 [FXGL Background Thread 3 ] DEBUG Engine               - soundMenuPress: menu/press.wav
18:13:25.178 [FXGL Background Thread 3 ] DEBUG Engine               - soundMenuSelect: menu/select.wav
18:13:25.178 [FXGL Background Thread 3 ] DEBUG Engine               - soundNotification: core/notification.wav
18:13:25.178 [FXGL Background Thread 3 ] DEBUG Engine               - stageStyle: DECORATED
18:13:25.178 [FXGL Background Thread 3 ] DEBUG Engine               - supportedLanguages: [ENGLISH, FRENCH, GERMAN, HUNGARIAN, RUSSIAN]
18:13:25.178 [FXGL Background Thread 3 ] DEBUG Engine               - ticksPerSecond: -1
18:13:25.178 [FXGL Background Thread 3 ] DEBUG Engine               - title: Stupid chess game
18:13:25.178 [FXGL Background Thread 3 ] DEBUG Engine               - urlGithub: https://github.com/AlmasB/FXGL
18:13:25.178 [FXGL Background Thread 3 ] DEBUG Engine               - urlLeaderboard: http://fxgl-top.herokuapp.com/
18:13:25.178 [FXGL Background Thread 3 ] DEBUG Engine               - urlPOM: https://raw.githubusercontent.com/AlmasB/FXGL/release/README.md
18:13:25.178 [FXGL Background Thread 3 ] DEBUG Engine               - userAppClass: class chess.chess.GameBoardApplication
18:13:25.178 [FXGL Background Thread 3 ] DEBUG Engine               - version: 0.0
18:13:25.178 [FXGL Background Thread 3 ] DEBUG Engine               - versionCheckDays: 7
18:13:25.178 [FXGL Background Thread 3 ] DEBUG Engine               - width: 800
18:13:25.178 [FXGL Background Thread 3 ] DEBUG Engine               - Logging services
18:13:25.178 [FXGL Background Thread 3 ] DEBUG Engine               - class com.almasb.fxgl.app.services.FXGLAssetLoaderService
18:13:25.178 [FXGL Background Thread 3 ] DEBUG Engine               - class com.almasb.fxgl.app.FXGLApplication$GameApplicationService
18:13:25.178 [FXGL Background Thread 3 ] DEBUG Engine               - class com.almasb.fxgl.app.services.FXGLDialogService
18:13:25.178 [FXGL Background Thread 3 ] DEBUG Engine               - class com.almasb.fxgl.app.services.IOTaskExecutorService
18:13:25.178 [FXGL Background Thread 3 ] DEBUG Engine               - class com.almasb.fxgl.io.FileSystemService
18:13:25.178 [FXGL Background Thread 3 ] DEBUG Engine               - class com.almasb.fxgl.localization.LocalizationService
18:13:25.178 [FXGL Background Thread 3 ] DEBUG Engine               - class com.almasb.fxgl.app.services.SystemBundleService
18:13:25.178 [FXGL Background Thread 3 ] DEBUG Engine               - class com.almasb.fxgl.profile.SaveLoadService
18:13:25.178 [FXGL Background Thread 3 ] DEBUG Engine               - class com.almasb.fxgl.ui.FXGLUIFactoryServiceProvider
18:13:25.178 [FXGL Background Thread 3 ] DEBUG Engine               - class com.almasb.fxgl.ui.FXGLDialogFactoryServiceProvider
18:13:25.178 [FXGL Background Thread 3 ] DEBUG Engine               - class com.almasb.fxgl.audio.AudioPlayer
18:13:25.178 [FXGL Background Thread 3 ] DEBUG Engine               - class com.almasb.fxgl.notification.impl.NotificationServiceProvider
18:13:25.178 [FXGL Background Thread 3 ] DEBUG Engine               - class com.almasb.fxgl.achievement.AchievementService
18:13:25.178 [FXGL Background Thread 3 ] DEBUG Engine               - class com.almasb.fxgl.cutscene.CutsceneService
18:13:25.178 [FXGL Background Thread 3 ] DEBUG Engine               - class com.almasb.fxgl.minigames.MiniGameService
18:13:25.178 [FXGL Background Thread 3 ] DEBUG Engine               - class com.almasb.fxgl.net.NetService
18:13:25.178 [FXGL Background Thread 3 ] DEBUG Engine               - class com.almasb.fxgl.app.services.UpdaterService
18:13:25.178 [FXGL Background Thread 3 ] DEBUG Engine               - class com.almasb.fxgl.dev.DevService
18:13:28.221 [JavaFX Application Thread] DEBUG FXGLApplication      - Exiting FXGL
18:13:28.221 [JavaFX Application Thread] DEBUG Async                - Shutting down background threads
18:13:28.221 [JavaFX Application Thread] DEBUG PrimaryStageWindow   - Closing main window
18:13:28.222 [JavaFX Application Thread] DEBUG Logger               - Closing Logger
