17:44:23.690 [main                     ] DEBUG Logger               - Configured Logger
17:44:23.703 [main                     ] DEBUG GameApplication      - Logging settings
Title: Stupid chess game
Version: 0.0
Width: 800
Height: 850
Fullscreen: false
Intro: false
Profiling: false
Single step:false
App Mode: DEVELOPER
Menu Key: ESCAPE
Stage Style: DECORATED
Scene Factory: class com.almasb.fxgl.app.scene.SceneFactory

17:44:23.902 [JavaFX Application Thread] DEBUG FXGLApplication      - Initializing FXGL
17:44:23.905 [JavaFX Application Thread] INFO  Engine               - FXGL-17.3 (30.03.2023 11.49) on LINUX (J:23 FX:17.0.6)
17:44:23.906 [JavaFX Application Thread] DEBUG Engine               - JRE Vendor Name: Arch Linux
17:44:23.906 [JavaFX Application Thread] DEBUG Engine               - Running on OS: Linux version 6.6.65-1-MANJARO
17:44:23.906 [JavaFX Application Thread] DEBUG Engine               - Architecture: amd64
17:44:23.906 [JavaFX Application Thread] INFO  Engine               - Source code and latest versions at: https://github.com/AlmasB/FXGL
17:44:23.906 [JavaFX Application Thread] INFO  Engine               -       Ask questions and discuss at: https://github.com/AlmasB/FXGL/discussions
17:44:23.906 [JavaFX Application Thread] INFO  Engine               -              Join the FXGL chat at: https://gitter.im/AlmasB/FXGL
17:44:23.947 [JavaFX Application Thread] DEBUG PrimaryStageWindow   - Creating a JavaFX scene
17:44:24.011 [JavaFX Application Thread] DEBUG PrimaryStageWindow   - Target settings size: 800.0 x 850.0
17:44:24.011 [JavaFX Application Thread] DEBUG PrimaryStageWindow   - Scaled scene size:    800.0 x 850.0
17:44:24.011 [JavaFX Application Thread] DEBUG PrimaryStageWindow   - Scaled ratio: (1.0, 1.0)
17:44:24.011 [JavaFX Application Thread] DEBUG PrimaryStageWindow   - Set initial scene to FXGLStartupScene
17:44:24.014 [JavaFX Application Thread] DEBUG PrimaryStageWindow   - Opening main window
17:44:24.032 [JavaFX Application Thread] DEBUG PrimaryStageWindow   - Window border size: (2.0, 29.0)
17:44:24.032 [JavaFX Application Thread] DEBUG PrimaryStageWindow   - Scaled size: 800.0 x 850.0
17:44:24.033 [JavaFX Application Thread] DEBUG PrimaryStageWindow   - Scaled ratio: (1.0, 1.0)
17:44:24.033 [JavaFX Application Thread] DEBUG PrimaryStageWindow   - Scene size: 800.0 x 850.0
17:44:24.033 [JavaFX Application Thread] DEBUG PrimaryStageWindow   - Stage size: 802.0 x 879.0
17:44:24.036 [FXGL Background Thread 1 ] DEBUG Engine               - Initializing environment variables
17:44:24.077 [FXGL Background Thread 1 ] DEBUG FXGLAssetLoaderServi - User app class for loading assets: class chess.chess.GameBoardApplication
17:44:24.077 [FXGL Background Thread 1 ] DEBUG GameApplicationServi - Applying CSS: fxgl_dark.css
17:44:24.078 [FXGL Background Thread 1 ] DEBUG FXGLAssetLoaderServi - Loading from file system: jar:file:///home/aritn/.m2/repository/com/github/almasb/fxgl/17.3/fxgl-17.3.jar!/fxglassets/ui/css/fxgl_dark.css
17:44:24.096 [FXGL Background Thread 1 ] DEBUG GameApplicationServi - Initializing application scenes
17:44:24.121 [FXGL Background Thread 1 ] DEBUG GameWorld            - Game world initialized
17:44:24.150 [FXGL Background Thread 1 ] DEBUG PhysicsWorld         - Physics world initialized: appHeight=850, physics.ppm=50.0
17:44:24.150 [FXGL Background Thread 1 ] DEBUG PhysicsWorld         - Using strategy: BRUTE_FORCE
17:44:24.152 [FXGL Background Thread 1 ] DEBUG GameScene            - Game scene initialized: 800x850
17:44:24.157 [FXGL Background Thread 1 ] DEBUG FXGL.DefaultMenu     - createMenuBodyGameMenu()
17:44:24.162 [FXGL Background Thread 1 ] DEBUG FXGL.DefaultMenu     - createOptionsMenu()
17:44:24.166 [FXGL Background Thread 1 ] DEBUG FXGLAssetLoaderServi - Loading from file system: jar:file:///home/aritn/.m2/repository/com/github/almasb/fxgl/17.3/fxgl-17.3.jar!/fxglassets/textures/particles/smoke.png
17:44:24.206 [FXGL Background Thread 1 ] DEBUG FXGLAssetLoaderServi - Loading from file system: jar:file:///home/aritn/.m2/repository/com/github/almasb/fxgl/17.3/fxgl-17.3.jar!/fxglassets/textures/particles/trace_horizontal.png
17:44:24.218 [FXGL Background Thread 1 ] DEBUG GameApplicationServi - Application scenes initialized
17:44:24.224 [FXGL Background Thread 1 ] DEBUG SystemBundleService  - Loading FXGL system data
17:44:24.225 [FXGL Background Thread 1 ] DEBUG FileSystemAccess     - Reading from: /home/aritn/Documents/Projects/IdeaProjects/Chess/system/fxgl.bundle
17:44:24.229 [FXGL Background Thread 1 ] DEBUG SystemBundleService  - Bundle FXGL: {}
17:44:24.229 [FXGL Background Thread 1 ] DEBUG UpdaterService       - Checking for updates
17:44:24.232 [FXGL Background Thread 4 ] DEBUG FXGLApplication      - Loading fonts
17:44:24.232 [FXGL Background Thread 4 ] DEBUG FXGLAssetLoaderServi - Loading from file system: jar:file:///home/aritn/.m2/repository/com/github/almasb/fxgl/17.3/fxgl-17.3.jar!/fxglassets/ui/fonts/VarelaRound-Regular.ttf
17:44:24.232 [FXGL Background Thread 1 ] DEBUG FXGLApplication      - Loading default localization
17:44:24.232 [FXGL Background Thread 1 ] DEBUG FXGLAssetLoaderServi - Loading from file system: jar:file:///home/aritn/.m2/repository/com/github/almasb/fxgl/17.3/fxgl-17.3.jar!/fxglassets/languages/english.lang
17:44:24.240 [FXGL Background Thread 4 ] DEBUG FXGLAssetLoaderServi - Loading from file system: jar:file:///home/aritn/.m2/repository/com/github/almasb/fxgl/17.3/fxgl-17.3.jar!/fxglassets/ui/fonts/Abel-Regular.ttf
17:44:24.242 [FXGL Background Thread 4 ] DEBUG FXGLAssetLoaderServi - Loading from file system: jar:file:///home/aritn/.m2/repository/com/github/almasb/fxgl/17.3/fxgl-17.3.jar!/fxglassets/ui/fonts/TerminalLandMono-Regular.otf
17:44:24.243 [FXGL Background Thread 4 ] DEBUG FXGLAssetLoaderServi - Loading from file system: jar:file:///home/aritn/.m2/repository/com/github/almasb/fxgl/17.3/fxgl-17.3.jar!/fxglassets/ui/fonts/Courier-Prime.ttf
17:44:24.245 [FXGL Background Thread 1 ] INFO  FXGLApplication      - FXGL initialization took: 0.209 sec
17:44:24.245 [JavaFX Application Thread] DEBUG FXGLAssetLoaderServi - Loading from file system: jar:file:///home/aritn/.m2/repository/com/github/almasb/fxgl/17.3/fxgl-17.3.jar!/fxglassets/textures/fxgl_icon.png
17:44:24.257 [JavaFX Application Thread] DEBUG FXGLAssetLoaderServi - Loading from file system: jar:file:///home/aritn/.m2/repository/com/github/almasb/fxgl/17.3/fxgl-17.3.jar!/fxglassets/textures/fxgl_default_cursor.png
17:44:24.263 [JavaFX Application Thread] DEBUG Input                - Registered new binding: Screenshot - CTRL+8
17:44:24.263 [JavaFX Application Thread] DEBUG Input                - Registered new binding: System info dump - CTRL+9
17:44:24.263 [JavaFX Application Thread] DEBUG Input                - Registered new binding: Restart - CTRL+R
17:44:24.264 [JavaFX Application Thread] DEBUG Input                - Registered new binding: Toggle Debug Camera - CTRL+7
17:44:24.265 [JavaFX Application Thread] DEBUG LoopRunner           - Starting loop
17:44:24.265 [JavaFX Application Thread] DEBUG LoopRunner           - Initializing JavaFX AnimationTimerLoop
17:44:24.265 [JavaFX Application Thread] DEBUG GameApplicationServi - Starting new game
17:44:24.265 [JavaFX Application Thread] DEBUG Input                - Clearing active input actions
17:44:24.272 [JavaFX Application Thread] DEBUG GameApplicationServi - Removing overlay from FXGLStartupScene and adding to FXGLLoadingScene
17:44:24.273 [JavaFX Application Thread] DEBUG PrimaryStageWindow   - FXGLStartupScene -> FXGLLoadingScene
17:44:24.273 [JavaFX Application Thread] DEBUG GameApplicationServi - Clearing previous game
17:44:24.273 [JavaFX Application Thread] DEBUG GameScene            - Clearing game scene
17:44:24.273 [JavaFX Application Thread] DEBUG GameWorld            - Clearing game world
17:44:24.273 [JavaFX Application Thread] DEBUG PhysicsWorld         - Clearing physics world
17:44:24.274 [JavaFX Application Thread] DEBUG FXGLApplication      - Registering font factories with UI factory
17:44:24.274 [FXGL Background Thread 4 ] DEBUG FXGLApplication      - Initializing game
17:44:24.274 [FXGL Background Thread 4 ] DEBUG FXGLAssetLoaderServi - Loading from file system: file:/home/aritn/Documents/Projects/IdeaProjects/Chess/target/classes/assets/textures/blue-marble.jpg
17:44:24.294 [FXGL Background Thread 4 ] DEBUG FXGLAssetLoaderServi - Loading from file system: file:/home/aritn/Documents/Projects/IdeaProjects/Chess/target/classes/assets/textures/wR.png
17:44:24.306 [FXGL Background Thread 4 ] DEBUG FXGLAssetLoaderServi - Loading from file system: file:/home/aritn/Documents/Projects/IdeaProjects/Chess/target/classes/assets/textures/wN.png
17:44:24.313 [FXGL Background Thread 4 ] DEBUG FXGLAssetLoaderServi - Loading from file system: file:/home/aritn/Documents/Projects/IdeaProjects/Chess/target/classes/assets/textures/wB.png
17:44:24.321 [FXGL Background Thread 4 ] DEBUG FXGLAssetLoaderServi - Loading from file system: file:/home/aritn/Documents/Projects/IdeaProjects/Chess/target/classes/assets/textures/wQ.png
17:44:24.357 [FXGL Background Thread 4 ] DEBUG FXGLAssetLoaderServi - Loading from file system: file:/home/aritn/Documents/Projects/IdeaProjects/Chess/target/classes/assets/textures/wK.png
17:44:24.362 [FXGL Background Thread 4 ] DEBUG FXGLAssetLoaderServi - Loading from file system: file:/home/aritn/Documents/Projects/IdeaProjects/Chess/target/classes/assets/textures/wP.png
17:44:24.367 [FXGL Background Thread 4 ] DEBUG FXGLAssetLoaderServi - Loading from file system: file:/home/aritn/Documents/Projects/IdeaProjects/Chess/target/classes/assets/textures/bR.png
17:44:24.373 [FXGL Background Thread 4 ] DEBUG FXGLAssetLoaderServi - Loading from file system: file:/home/aritn/Documents/Projects/IdeaProjects/Chess/target/classes/assets/textures/bN.png
17:44:24.379 [FXGL Background Thread 4 ] DEBUG FXGLAssetLoaderServi - Loading from file system: file:/home/aritn/Documents/Projects/IdeaProjects/Chess/target/classes/assets/textures/bB.png
17:44:24.385 [FXGL Background Thread 4 ] DEBUG FXGLAssetLoaderServi - Loading from file system: file:/home/aritn/Documents/Projects/IdeaProjects/Chess/target/classes/assets/textures/bQ.png
17:44:24.391 [FXGL Background Thread 4 ] DEBUG FXGLAssetLoaderServi - Loading from file system: file:/home/aritn/Documents/Projects/IdeaProjects/Chess/target/classes/assets/textures/bK.png
17:44:24.398 [FXGL Background Thread 4 ] DEBUG FXGLAssetLoaderServi - Loading from file system: file:/home/aritn/Documents/Projects/IdeaProjects/Chess/target/classes/assets/textures/bP.png
17:44:24.409 [FXGL Background Thread 4 ] INFO  FXGLApplication      - Game initialization took: 0.136 sec
17:44:24.410 [JavaFX Application Thread] DEBUG Input                - Clearing active input actions
17:44:24.415 [JavaFX Application Thread] DEBUG GameApplicationServi - Removing overlay from FXGLLoadingScene and adding to GameScene
17:44:24.415 [JavaFX Application Thread] DEBUG PrimaryStageWindow   - FXGLLoadingScene -> GameScene
17:44:25.376 [FXGL Background Thread 2 ] INFO  UpdaterService       - Your current version:  17.3
17:44:25.376 [FXGL Background Thread 2 ] INFO  UpdaterService       - Latest stable version: 21.1
17:44:26.026 [JavaFX Application Thread] DEBUG FXGLApplication      - Exiting FXGL
17:44:26.026 [JavaFX Application Thread] DEBUG LoopRunner           - Stopping loop
17:44:26.026 [JavaFX Application Thread] DEBUG SystemBundleService  - Saving FXGL system data
17:44:26.027 [JavaFX Application Thread] DEBUG FileSystemAccess     - Writing to: /home/aritn/Documents/Projects/IdeaProjects/Chess/system/fxgl.bundle
17:44:26.028 [JavaFX Application Thread] DEBUG Async                - Shutting down background threads
17:44:26.028 [JavaFX Application Thread] DEBUG PrimaryStageWindow   - Closing main window
17:44:26.029 [JavaFX Application Thread] DEBUG Logger               - Closing Logger
