18:15:47.675 [main                     ] DEBUG Logger               - Configured Logger
18:15:47.687 [main                     ] DEBUG GameApplication      - Logging settings
Title: Stupid chess game
Version: 0.0
Width: 800
Height: 850
Fullscreen: false
Intro: false
Profiling: false
Single step:false
App Mode: DEVELOPER
Menu Key: ESCAPE
Stage Style: DECORATED
Scene Factory: class com.almasb.fxgl.app.scene.SceneFactory

18:15:47.908 [JavaFX Application Thread] DEBUG FXGLApplication      - Initializing FXGL
18:15:47.910 [JavaFX Application Thread] INFO  Engine               - FXGL-17.3 (30.03.2023 11.49) on LINUX (J:23 FX:17.0.6)
18:15:47.911 [JavaFX Application Thread] DEBUG Engine               - JRE Vendor Name: Arch Linux
18:15:47.911 [JavaFX Application Thread] DEBUG Engine               - Running on OS: Linux version 6.6.65-1-MANJARO
18:15:47.911 [JavaFX Application Thread] DEBUG Engine               - Architecture: amd64
18:15:47.911 [JavaFX Application Thread] INFO  Engine               - Source code and latest versions at: https://github.com/AlmasB/FXGL
18:15:47.911 [JavaFX Application Thread] INFO  Engine               -       Ask questions and discuss at: https://github.com/AlmasB/FXGL/discussions
18:15:47.911 [JavaFX Application Thread] INFO  Engine               -              Join the FXGL chat at: https://gitter.im/AlmasB/FXGL
18:15:47.952 [JavaFX Application Thread] DEBUG PrimaryStageWindow   - Creating a JavaFX scene
18:15:48.015 [JavaFX Application Thread] DEBUG PrimaryStageWindow   - Target settings size: 800.0 x 850.0
18:15:48.015 [JavaFX Application Thread] DEBUG PrimaryStageWindow   - Scaled scene size:    800.0 x 850.0
18:15:48.015 [JavaFX Application Thread] DEBUG PrimaryStageWindow   - Scaled ratio: (1.0, 1.0)
18:15:48.016 [JavaFX Application Thread] DEBUG PrimaryStageWindow   - Set initial scene to FXGLStartupScene
18:15:48.019 [JavaFX Application Thread] DEBUG PrimaryStageWindow   - Opening main window
18:15:48.036 [JavaFX Application Thread] DEBUG PrimaryStageWindow   - Window border size: (2.0, 29.0)
18:15:48.036 [JavaFX Application Thread] DEBUG PrimaryStageWindow   - Scaled size: 800.0 x 850.0
18:15:48.037 [JavaFX Application Thread] DEBUG PrimaryStageWindow   - Scaled ratio: (1.0, 1.0)
18:15:48.037 [JavaFX Application Thread] DEBUG PrimaryStageWindow   - Scene size: 800.0 x 850.0
18:15:48.037 [JavaFX Application Thread] DEBUG PrimaryStageWindow   - Stage size: 802.0 x 879.0
18:15:48.040 [FXGL Background Thread 1 ] DEBUG Engine               - Initializing environment variables
18:15:48.075 [FXGL Background Thread 1 ] DEBUG FXGLAssetLoaderServi - User app class for loading assets: class chess.chess.GameBoardApplication
18:15:48.075 [FXGL Background Thread 1 ] DEBUG GameApplicationServi - Applying CSS: fxgl_dark.css
18:15:48.076 [FXGL Background Thread 1 ] DEBUG FXGLAssetLoaderServi - Loading from file system: jar:file:///home/aritn/.m2/repository/com/github/almasb/fxgl/17.3/fxgl-17.3.jar!/fxglassets/ui/css/fxgl_dark.css
18:15:48.094 [FXGL Background Thread 1 ] DEBUG GameApplicationServi - Initializing application scenes
18:15:48.119 [FXGL Background Thread 1 ] DEBUG GameWorld            - Game world initialized
18:15:48.148 [FXGL Background Thread 1 ] DEBUG PhysicsWorld         - Physics world initialized: appHeight=850, physics.ppm=50.0
18:15:48.149 [FXGL Background Thread 1 ] DEBUG PhysicsWorld         - Using strategy: BRUTE_FORCE
18:15:48.150 [FXGL Background Thread 1 ] DEBUG GameScene            - Game scene initialized: 800x850
18:15:48.155 [FXGL Background Thread 1 ] DEBUG FXGL.DefaultMenu     - createMenuBodyGameMenu()
18:15:48.160 [FXGL Background Thread 1 ] DEBUG FXGL.DefaultMenu     - createOptionsMenu()
18:15:48.164 [FXGL Background Thread 1 ] DEBUG FXGLAssetLoaderServi - Loading from file system: jar:file:///home/aritn/.m2/repository/com/github/almasb/fxgl/17.3/fxgl-17.3.jar!/fxglassets/textures/particles/smoke.png
18:15:48.204 [FXGL Background Thread 1 ] DEBUG FXGLAssetLoaderServi - Loading from file system: jar:file:///home/aritn/.m2/repository/com/github/almasb/fxgl/17.3/fxgl-17.3.jar!/fxglassets/textures/particles/trace_horizontal.png
18:15:48.217 [FXGL Background Thread 1 ] DEBUG GameApplicationServi - Application scenes initialized
18:15:48.223 [FXGL Background Thread 1 ] DEBUG SystemBundleService  - Loading FXGL system data
18:15:48.225 [FXGL Background Thread 1 ] DEBUG FileSystemAccess     - Reading from: /home/aritn/Documents/Projects/IdeaProjects/Chess/system/fxgl.bundle
18:15:48.228 [FXGL Background Thread 1 ] DEBUG SystemBundleService  - Bundle FXGL: {}
18:15:48.228 [FXGL Background Thread 1 ] DEBUG UpdaterService       - Checking for updates
18:15:48.230 [FXGL Background Thread 4 ] DEBUG FXGLApplication      - Loading fonts
18:15:48.230 [FXGL Background Thread 4 ] DEBUG FXGLAssetLoaderServi - Loading from file system: jar:file:///home/aritn/.m2/repository/com/github/almasb/fxgl/17.3/fxgl-17.3.jar!/fxglassets/ui/fonts/VarelaRound-Regular.ttf
18:15:48.231 [FXGL Background Thread 1 ] DEBUG FXGLApplication      - Loading default localization
18:15:48.231 [FXGL Background Thread 1 ] DEBUG FXGLAssetLoaderServi - Loading from file system: jar:file:///home/aritn/.m2/repository/com/github/almasb/fxgl/17.3/fxgl-17.3.jar!/fxglassets/languages/english.lang
18:15:48.233 [FXGL Background Thread 4 ] DEBUG FXGLAssetLoaderServi - Loading from file system: jar:file:///home/aritn/.m2/repository/com/github/almasb/fxgl/17.3/fxgl-17.3.jar!/fxglassets/ui/fonts/Abel-Regular.ttf
18:15:48.239 [FXGL Background Thread 4 ] DEBUG FXGLAssetLoaderServi - Loading from file system: jar:file:///home/aritn/.m2/repository/com/github/almasb/fxgl/17.3/fxgl-17.3.jar!/fxglassets/ui/fonts/TerminalLandMono-Regular.otf
18:15:48.240 [FXGL Background Thread 4 ] DEBUG FXGLAssetLoaderServi - Loading from file system: jar:file:///home/aritn/.m2/repository/com/github/almasb/fxgl/17.3/fxgl-17.3.jar!/fxglassets/ui/fonts/Courier-Prime.ttf
18:15:48.242 [JavaFX Application Thread] DEBUG FXGLApplication      - Registering font factories with UI factory
18:15:48.244 [FXGL Background Thread 1 ] INFO  FXGLApplication      - FXGL initialization took: 0.204 sec
18:15:48.244 [JavaFX Application Thread] DEBUG FXGLAssetLoaderServi - Loading from file system: jar:file:///home/aritn/.m2/repository/com/github/almasb/fxgl/17.3/fxgl-17.3.jar!/fxglassets/textures/fxgl_icon.png
18:15:48.255 [JavaFX Application Thread] DEBUG FXGLAssetLoaderServi - Loading from file system: jar:file:///home/aritn/.m2/repository/com/github/almasb/fxgl/17.3/fxgl-17.3.jar!/fxglassets/textures/fxgl_default_cursor.png
18:15:48.260 [JavaFX Application Thread] DEBUG Input                - Registered new binding: Screenshot - CTRL+8
18:15:48.260 [JavaFX Application Thread] DEBUG Input                - Registered new binding: System info dump - CTRL+9
18:15:48.260 [JavaFX Application Thread] DEBUG Input                - Registered new binding: Restart - CTRL+R
18:15:48.260 [JavaFX Application Thread] DEBUG Input                - Registered new binding: Toggle Debug Camera - CTRL+7
18:15:48.261 [JavaFX Application Thread] DEBUG LoopRunner           - Starting loop
18:15:48.261 [JavaFX Application Thread] DEBUG LoopRunner           - Initializing JavaFX AnimationTimerLoop
18:15:48.262 [JavaFX Application Thread] DEBUG GameApplicationServi - Starting new game
18:15:48.262 [JavaFX Application Thread] DEBUG Input                - Clearing active input actions
18:15:48.267 [JavaFX Application Thread] DEBUG GameApplicationServi - Removing overlay from FXGLStartupScene and adding to FXGLLoadingScene
18:15:48.267 [JavaFX Application Thread] DEBUG PrimaryStageWindow   - FXGLStartupScene -> FXGLLoadingScene
18:15:48.267 [JavaFX Application Thread] DEBUG GameApplicationServi - Clearing previous game
18:15:48.267 [JavaFX Application Thread] DEBUG GameScene            - Clearing game scene
18:15:48.267 [JavaFX Application Thread] DEBUG GameWorld            - Clearing game world
18:15:48.267 [JavaFX Application Thread] DEBUG PhysicsWorld         - Clearing physics world
18:15:48.268 [FXGL Background Thread 1 ] DEBUG FXGLApplication      - Initializing game
18:15:48.269 [FXGL Background Thread 1 ] DEBUG FXGLAssetLoaderServi - Loading from file system: file:/home/aritn/Documents/Projects/IdeaProjects/Chess/target/classes/assets/textures/blue-marble.jpg
18:15:48.290 [FXGL Background Thread 1 ] DEBUG FXGLAssetLoaderServi - Loading from file system: file:/home/aritn/Documents/Projects/IdeaProjects/Chess/target/classes/assets/textures/wR.png
18:15:48.303 [FXGL Background Thread 1 ] DEBUG FXGLAssetLoaderServi - Loading from file system: file:/home/aritn/Documents/Projects/IdeaProjects/Chess/target/classes/assets/textures/wN.png
18:15:48.310 [FXGL Background Thread 1 ] DEBUG FXGLAssetLoaderServi - Loading from file system: file:/home/aritn/Documents/Projects/IdeaProjects/Chess/target/classes/assets/textures/wB.png
18:15:48.318 [FXGL Background Thread 1 ] DEBUG FXGLAssetLoaderServi - Loading from file system: file:/home/aritn/Documents/Projects/IdeaProjects/Chess/target/classes/assets/textures/wQ.png
18:15:48.354 [FXGL Background Thread 1 ] DEBUG FXGLAssetLoaderServi - Loading from file system: file:/home/aritn/Documents/Projects/IdeaProjects/Chess/target/classes/assets/textures/wK.png
18:15:48.360 [FXGL Background Thread 1 ] DEBUG FXGLAssetLoaderServi - Loading from file system: file:/home/aritn/Documents/Projects/IdeaProjects/Chess/target/classes/assets/textures/wP.png
18:15:48.365 [FXGL Background Thread 1 ] DEBUG FXGLAssetLoaderServi - Loading from file system: file:/home/aritn/Documents/Projects/IdeaProjects/Chess/target/classes/assets/textures/bP.png
18:15:48.371 [FXGL Background Thread 1 ] DEBUG FXGLAssetLoaderServi - Loading from file system: file:/home/aritn/Documents/Projects/IdeaProjects/Chess/target/classes/assets/textures/bR.png
18:15:48.377 [FXGL Background Thread 1 ] DEBUG FXGLAssetLoaderServi - Loading from file system: file:/home/aritn/Documents/Projects/IdeaProjects/Chess/target/classes/assets/textures/bN.png
18:15:48.383 [FXGL Background Thread 1 ] DEBUG FXGLAssetLoaderServi - Loading from file system: file:/home/aritn/Documents/Projects/IdeaProjects/Chess/target/classes/assets/textures/bB.png
18:15:48.389 [FXGL Background Thread 1 ] DEBUG FXGLAssetLoaderServi - Loading from file system: file:/home/aritn/Documents/Projects/IdeaProjects/Chess/target/classes/assets/textures/bQ.png
18:15:48.394 [FXGL Background Thread 1 ] DEBUG FXGLAssetLoaderServi - Loading from file system: file:/home/aritn/Documents/Projects/IdeaProjects/Chess/target/classes/assets/textures/bK.png
18:15:48.401 [FXGL Background Thread 1 ] INFO  FXGLApplication      - Game initialization took: 0.133 sec
18:15:48.402 [JavaFX Application Thread] DEBUG Input                - Clearing active input actions
18:15:48.407 [JavaFX Application Thread] DEBUG GameApplicationServi - Removing overlay from FXGLLoadingScene and adding to GameScene
18:15:48.407 [JavaFX Application Thread] DEBUG PrimaryStageWindow   - FXGLLoadingScene -> GameScene
18:15:49.724 [JavaFX Application Thread] DEBUG FXGLApplication      - Exiting FXGL
18:15:49.724 [JavaFX Application Thread] DEBUG LoopRunner           - Stopping loop
18:15:49.724 [JavaFX Application Thread] DEBUG SystemBundleService  - Saving FXGL system data
18:15:49.725 [JavaFX Application Thread] DEBUG FileSystemAccess     - Writing to: /home/aritn/Documents/Projects/IdeaProjects/Chess/system/fxgl.bundle
18:15:49.727 [JavaFX Application Thread] DEBUG Async                - Shutting down background threads
18:15:49.727 [JavaFX Application Thread] DEBUG PrimaryStageWindow   - Closing main window
18:15:49.728 [JavaFX Application Thread] DEBUG Logger               - Closing Logger
