17:44:11.058 [main                     ] DEBUG Logger               - Configured Logger
17:44:11.071 [main                     ] DEBUG GameApplication      - Logging settings
Title: Stupid chess game
Version: 0.0
Width: 800
Height: 850
Fullscreen: false
Intro: false
Profiling: false
Single step:false
App Mode: DEVELOPER
Menu Key: ESCAPE
Stage Style: DECORATED
Scene Factory: class com.almasb.fxgl.app.scene.SceneFactory

17:44:11.311 [JavaFX Application Thread] DEBUG FXGLApplication      - Initializing FXGL
17:44:11.315 [JavaFX Application Thread] INFO  Engine               - FXGL-17.3 (30.03.2023 11.49) on LINUX (J:23 FX:17.0.6)
17:44:11.315 [JavaFX Application Thread] DEBUG Engine               - JRE Vendor Name: Arch Linux
17:44:11.316 [JavaFX Application Thread] DEBUG Engine               - Running on OS: Linux version 6.6.65-1-MANJARO
17:44:11.316 [JavaFX Application Thread] DEBUG Engine               - Architecture: amd64
17:44:11.316 [JavaFX Application Thread] INFO  Engine               - Source code and latest versions at: https://github.com/AlmasB/FXGL
17:44:11.316 [JavaFX Application Thread] INFO  Engine               -       Ask questions and discuss at: https://github.com/AlmasB/FXGL/discussions
17:44:11.316 [JavaFX Application Thread] INFO  Engine               -              Join the FXGL chat at: https://gitter.im/AlmasB/FXGL
17:44:11.355 [JavaFX Application Thread] DEBUG PrimaryStageWindow   - Creating a JavaFX scene
17:44:11.417 [JavaFX Application Thread] DEBUG PrimaryStageWindow   - Target settings size: 800.0 x 850.0
17:44:11.418 [JavaFX Application Thread] DEBUG PrimaryStageWindow   - Scaled scene size:    800.0 x 850.0
17:44:11.418 [JavaFX Application Thread] DEBUG PrimaryStageWindow   - Scaled ratio: (1.0, 1.0)
17:44:11.418 [JavaFX Application Thread] DEBUG PrimaryStageWindow   - Set initial scene to FXGLStartupScene
17:44:11.421 [JavaFX Application Thread] DEBUG PrimaryStageWindow   - Opening main window
17:44:11.438 [JavaFX Application Thread] DEBUG PrimaryStageWindow   - Window border size: (2.0, 29.0)
17:44:11.438 [JavaFX Application Thread] DEBUG PrimaryStageWindow   - Scaled size: 800.0 x 850.0
17:44:11.438 [JavaFX Application Thread] DEBUG PrimaryStageWindow   - Scaled ratio: (1.0, 1.0)
17:44:11.438 [JavaFX Application Thread] DEBUG PrimaryStageWindow   - Scene size: 800.0 x 850.0
17:44:11.438 [JavaFX Application Thread] DEBUG PrimaryStageWindow   - Stage size: 802.0 x 879.0
17:44:11.441 [FXGL Background Thread 1 ] DEBUG Engine               - Initializing environment variables
17:44:11.475 [FXGL Background Thread 1 ] DEBUG FXGLAssetLoaderServi - User app class for loading assets: class chess.chess.GameBoardApplication
17:44:11.475 [FXGL Background Thread 1 ] DEBUG GameApplicationServi - Applying CSS: fxgl_dark.css
17:44:11.475 [FXGL Background Thread 1 ] DEBUG FXGLAssetLoaderServi - Loading from file system: jar:file:///home/aritn/.m2/repository/com/github/almasb/fxgl/17.3/fxgl-17.3.jar!/fxglassets/ui/css/fxgl_dark.css
17:44:11.496 [FXGL Background Thread 1 ] DEBUG GameApplicationServi - Initializing application scenes
17:44:11.524 [FXGL Background Thread 1 ] DEBUG GameWorld            - Game world initialized
17:44:11.549 [FXGL Background Thread 1 ] DEBUG PhysicsWorld         - Physics world initialized: appHeight=850, physics.ppm=50.0
17:44:11.550 [FXGL Background Thread 1 ] DEBUG PhysicsWorld         - Using strategy: BRUTE_FORCE
17:44:11.551 [FXGL Background Thread 1 ] DEBUG GameScene            - Game scene initialized: 800x850
17:44:11.556 [FXGL Background Thread 1 ] DEBUG FXGL.DefaultMenu     - createMenuBodyGameMenu()
17:44:11.561 [FXGL Background Thread 1 ] DEBUG FXGL.DefaultMenu     - createOptionsMenu()
17:44:11.565 [FXGL Background Thread 1 ] DEBUG FXGLAssetLoaderServi - Loading from file system: jar:file:///home/aritn/.m2/repository/com/github/almasb/fxgl/17.3/fxgl-17.3.jar!/fxglassets/textures/particles/smoke.png
17:44:11.604 [FXGL Background Thread 1 ] DEBUG FXGLAssetLoaderServi - Loading from file system: jar:file:///home/aritn/.m2/repository/com/github/almasb/fxgl/17.3/fxgl-17.3.jar!/fxglassets/textures/particles/trace_horizontal.png
17:44:11.618 [FXGL Background Thread 1 ] DEBUG GameApplicationServi - Application scenes initialized
17:44:11.623 [FXGL Background Thread 1 ] DEBUG SystemBundleService  - Loading FXGL system data
17:44:11.624 [FXGL Background Thread 1 ] DEBUG FileSystemAccess     - Reading from: /home/aritn/Documents/Projects/IdeaProjects/Chess/system/fxgl.bundle
17:44:11.629 [FXGL Background Thread 1 ] DEBUG SystemBundleService  - Bundle FXGL: {}
17:44:11.629 [FXGL Background Thread 1 ] DEBUG UpdaterService       - Checking for updates
17:44:11.632 [FXGL Background Thread 4 ] DEBUG FXGLApplication      - Loading fonts
17:44:11.632 [FXGL Background Thread 1 ] DEBUG FXGLApplication      - Loading default localization
17:44:11.632 [FXGL Background Thread 4 ] DEBUG FXGLAssetLoaderServi - Loading from file system: jar:file:///home/aritn/.m2/repository/com/github/almasb/fxgl/17.3/fxgl-17.3.jar!/fxglassets/ui/fonts/VarelaRound-Regular.ttf
17:44:11.632 [FXGL Background Thread 1 ] DEBUG FXGLAssetLoaderServi - Loading from file system: jar:file:///home/aritn/.m2/repository/com/github/almasb/fxgl/17.3/fxgl-17.3.jar!/fxglassets/languages/english.lang
17:44:11.640 [FXGL Background Thread 4 ] DEBUG FXGLAssetLoaderServi - Loading from file system: jar:file:///home/aritn/.m2/repository/com/github/almasb/fxgl/17.3/fxgl-17.3.jar!/fxglassets/ui/fonts/Abel-Regular.ttf
17:44:11.641 [FXGL Background Thread 4 ] DEBUG FXGLAssetLoaderServi - Loading from file system: jar:file:///home/aritn/.m2/repository/com/github/almasb/fxgl/17.3/fxgl-17.3.jar!/fxglassets/ui/fonts/TerminalLandMono-Regular.otf
17:44:11.643 [FXGL Background Thread 4 ] DEBUG FXGLAssetLoaderServi - Loading from file system: jar:file:///home/aritn/.m2/repository/com/github/almasb/fxgl/17.3/fxgl-17.3.jar!/fxglassets/ui/fonts/Courier-Prime.ttf
17:44:11.645 [JavaFX Application Thread] DEBUG FXGLApplication      - Registering font factories with UI factory
17:44:11.648 [FXGL Background Thread 1 ] INFO  FXGLApplication      - FXGL initialization took: 0.207 sec
17:44:11.649 [JavaFX Application Thread] DEBUG FXGLAssetLoaderServi - Loading from file system: jar:file:///home/aritn/.m2/repository/com/github/almasb/fxgl/17.3/fxgl-17.3.jar!/fxglassets/textures/fxgl_icon.png
17:44:11.660 [JavaFX Application Thread] DEBUG FXGLAssetLoaderServi - Loading from file system: jar:file:///home/aritn/.m2/repository/com/github/almasb/fxgl/17.3/fxgl-17.3.jar!/fxglassets/textures/fxgl_default_cursor.png
17:44:11.665 [JavaFX Application Thread] DEBUG Input                - Registered new binding: Screenshot - CTRL+8
17:44:11.665 [JavaFX Application Thread] DEBUG Input                - Registered new binding: System info dump - CTRL+9
17:44:11.665 [JavaFX Application Thread] DEBUG Input                - Registered new binding: Restart - CTRL+R
17:44:11.666 [JavaFX Application Thread] DEBUG Input                - Registered new binding: Toggle Debug Camera - CTRL+7
17:44:11.667 [JavaFX Application Thread] DEBUG LoopRunner           - Starting loop
17:44:11.667 [JavaFX Application Thread] DEBUG LoopRunner           - Initializing JavaFX AnimationTimerLoop
17:44:11.667 [JavaFX Application Thread] DEBUG GameApplicationServi - Starting new game
17:44:11.667 [JavaFX Application Thread] DEBUG Input                - Clearing active input actions
17:44:11.673 [JavaFX Application Thread] DEBUG GameApplicationServi - Removing overlay from FXGLStartupScene and adding to FXGLLoadingScene
17:44:11.673 [JavaFX Application Thread] DEBUG PrimaryStageWindow   - FXGLStartupScene -> FXGLLoadingScene
17:44:11.673 [JavaFX Application Thread] DEBUG GameApplicationServi - Clearing previous game
17:44:11.673 [JavaFX Application Thread] DEBUG GameScene            - Clearing game scene
17:44:11.673 [JavaFX Application Thread] DEBUG GameWorld            - Clearing game world
17:44:11.673 [JavaFX Application Thread] DEBUG PhysicsWorld         - Clearing physics world
17:44:11.674 [FXGL Background Thread 1 ] DEBUG FXGLApplication      - Initializing game
17:44:11.675 [FXGL Background Thread 1 ] DEBUG FXGLAssetLoaderServi - Loading from file system: file:/home/aritn/Documents/Projects/IdeaProjects/Chess/target/classes/assets/textures/blue-marble.jpg
17:44:11.696 [FXGL Background Thread 1 ] DEBUG FXGLAssetLoaderServi - Loading from file system: file:/home/aritn/Documents/Projects/IdeaProjects/Chess/target/classes/assets/textures/wR.png
17:44:11.709 [FXGL Background Thread 1 ] DEBUG FXGLAssetLoaderServi - Loading from file system: file:/home/aritn/Documents/Projects/IdeaProjects/Chess/target/classes/assets/textures/wN.png
17:44:11.716 [FXGL Background Thread 1 ] DEBUG FXGLAssetLoaderServi - Loading from file system: file:/home/aritn/Documents/Projects/IdeaProjects/Chess/target/classes/assets/textures/wB.png
17:44:11.725 [FXGL Background Thread 1 ] DEBUG FXGLAssetLoaderServi - Loading from file system: file:/home/aritn/Documents/Projects/IdeaProjects/Chess/target/classes/assets/textures/wQ.png
17:44:11.760 [FXGL Background Thread 1 ] DEBUG FXGLAssetLoaderServi - Loading from file system: file:/home/aritn/Documents/Projects/IdeaProjects/Chess/target/classes/assets/textures/wK.png
17:44:11.766 [FXGL Background Thread 1 ] DEBUG FXGLAssetLoaderServi - Loading from file system: file:/home/aritn/Documents/Projects/IdeaProjects/Chess/target/classes/assets/textures/wP.png
17:44:11.771 [FXGL Background Thread 1 ] DEBUG FXGLAssetLoaderServi - Loading from file system: file:/home/aritn/Documents/Projects/IdeaProjects/Chess/target/classes/assets/textures/bR.png
17:44:11.777 [FXGL Background Thread 1 ] DEBUG FXGLAssetLoaderServi - Loading from file system: file:/home/aritn/Documents/Projects/IdeaProjects/Chess/target/classes/assets/textures/bN.png
17:44:11.782 [FXGL Background Thread 1 ] DEBUG FXGLAssetLoaderServi - Loading from file system: file:/home/aritn/Documents/Projects/IdeaProjects/Chess/target/classes/assets/textures/bB.png
17:44:11.789 [FXGL Background Thread 1 ] DEBUG FXGLAssetLoaderServi - Loading from file system: file:/home/aritn/Documents/Projects/IdeaProjects/Chess/target/classes/assets/textures/bQ.png
17:44:11.794 [FXGL Background Thread 1 ] DEBUG FXGLAssetLoaderServi - Loading from file system: file:/home/aritn/Documents/Projects/IdeaProjects/Chess/target/classes/assets/textures/bK.png
17:44:11.801 [FXGL Background Thread 1 ] DEBUG FXGLAssetLoaderServi - Loading from file system: file:/home/aritn/Documents/Projects/IdeaProjects/Chess/target/classes/assets/textures/bP.png
17:44:11.807 [FXGL Background Thread 1 ] INFO  FXGLApplication      - Game initialization took: 0.133 sec
17:44:11.808 [JavaFX Application Thread] DEBUG Input                - Clearing active input actions
17:44:11.813 [JavaFX Application Thread] DEBUG GameApplicationServi - Removing overlay from FXGLLoadingScene and adding to GameScene
17:44:11.813 [JavaFX Application Thread] DEBUG PrimaryStageWindow   - FXGLLoadingScene -> GameScene
17:44:12.884 [FXGL Background Thread 2 ] INFO  UpdaterService       - Your current version:  17.3
17:44:12.884 [FXGL Background Thread 2 ] INFO  UpdaterService       - Latest stable version: 21.1
17:44:14.489 [JavaFX Application Thread] DEBUG FXGLApplication      - Exiting FXGL
17:44:14.489 [JavaFX Application Thread] DEBUG LoopRunner           - Stopping loop
17:44:14.489 [JavaFX Application Thread] DEBUG SystemBundleService  - Saving FXGL system data
17:44:14.490 [JavaFX Application Thread] DEBUG FileSystemAccess     - Writing to: /home/aritn/Documents/Projects/IdeaProjects/Chess/system/fxgl.bundle
17:44:14.491 [JavaFX Application Thread] DEBUG Async                - Shutting down background threads
17:44:14.491 [JavaFX Application Thread] DEBUG PrimaryStageWindow   - Closing main window
17:44:14.492 [JavaFX Application Thread] DEBUG Logger               - Closing Logger
