18:24:13.218 [main                     ] DEBUG Logger               - Configured Logger
18:24:13.229 [main                     ] DEBUG GameApplication      - Logging settings
Title: Stupid chess game
Version: 0.0
Width: 800
Height: 850
Fullscreen: false
Intro: false
Profiling: false
Single step:false
App Mode: DEVELOPER
Menu Key: ESCAPE
Stage Style: DECORATED
Scene Factory: class com.almasb.fxgl.app.scene.SceneFactory

18:24:13.425 [JavaFX Application Thread] DEBUG FXGLApplication      - Initializing FXGL
18:24:13.427 [JavaFX Application Thread] INFO  Engine               - FXGL-17.3 (30.03.2023 11.49) on LINUX (J:23 FX:17.0.6)
18:24:13.428 [JavaFX Application Thread] DEBUG Engine               - JRE Vendor Name: Arch Linux
18:24:13.428 [JavaFX Application Thread] DEBUG Engine               - Running on OS: Linux version 6.6.65-1-MANJARO
18:24:13.428 [JavaFX Application Thread] DEBUG Engine               - Architecture: amd64
18:24:13.428 [JavaFX Application Thread] INFO  Engine               - Source code and latest versions at: https://github.com/AlmasB/FXGL
18:24:13.428 [JavaFX Application Thread] INFO  Engine               -       Ask questions and discuss at: https://github.com/AlmasB/FXGL/discussions
18:24:13.428 [JavaFX Application Thread] INFO  Engine               -              Join the FXGL chat at: https://gitter.im/AlmasB/FXGL
18:24:13.466 [JavaFX Application Thread] DEBUG PrimaryStageWindow   - Creating a JavaFX scene
18:24:13.529 [JavaFX Application Thread] DEBUG PrimaryStageWindow   - Target settings size: 800.0 x 850.0
18:24:13.529 [JavaFX Application Thread] DEBUG PrimaryStageWindow   - Scaled scene size:    800.0 x 850.0
18:24:13.529 [JavaFX Application Thread] DEBUG PrimaryStageWindow   - Scaled ratio: (1.0, 1.0)
18:24:13.529 [JavaFX Application Thread] DEBUG PrimaryStageWindow   - Set initial scene to FXGLStartupScene
18:24:13.532 [JavaFX Application Thread] DEBUG PrimaryStageWindow   - Opening main window
18:24:13.549 [JavaFX Application Thread] DEBUG PrimaryStageWindow   - Window border size: (2.0, 29.0)
18:24:13.549 [JavaFX Application Thread] DEBUG PrimaryStageWindow   - Scaled size: 800.0 x 850.0
18:24:13.549 [JavaFX Application Thread] DEBUG PrimaryStageWindow   - Scaled ratio: (1.0, 1.0)
18:24:13.550 [JavaFX Application Thread] DEBUG PrimaryStageWindow   - Scene size: 800.0 x 850.0
18:24:13.550 [JavaFX Application Thread] DEBUG PrimaryStageWindow   - Stage size: 802.0 x 879.0
18:24:13.552 [FXGL Background Thread 1 ] DEBUG Engine               - Initializing environment variables
18:24:13.588 [FXGL Background Thread 1 ] DEBUG FXGLAssetLoaderServi - User app class for loading assets: class chess.chess.GameBoardApplication
18:24:13.588 [FXGL Background Thread 1 ] DEBUG GameApplicationServi - Applying CSS: fxgl_dark.css
18:24:13.589 [FXGL Background Thread 1 ] DEBUG FXGLAssetLoaderServi - Loading from file system: jar:file:///home/aritn/.m2/repository/com/github/almasb/fxgl/17.3/fxgl-17.3.jar!/fxglassets/ui/css/fxgl_dark.css
18:24:13.607 [FXGL Background Thread 1 ] DEBUG GameApplicationServi - Initializing application scenes
18:24:13.633 [FXGL Background Thread 1 ] DEBUG GameWorld            - Game world initialized
18:24:13.655 [FXGL Background Thread 1 ] DEBUG PhysicsWorld         - Physics world initialized: appHeight=850, physics.ppm=50.0
18:24:13.655 [FXGL Background Thread 1 ] DEBUG PhysicsWorld         - Using strategy: BRUTE_FORCE
18:24:13.657 [FXGL Background Thread 1 ] DEBUG GameScene            - Game scene initialized: 800x850
18:24:13.662 [FXGL Background Thread 1 ] DEBUG FXGL.DefaultMenu     - createMenuBodyGameMenu()
18:24:13.667 [FXGL Background Thread 1 ] DEBUG FXGL.DefaultMenu     - createOptionsMenu()
18:24:13.670 [FXGL Background Thread 1 ] DEBUG FXGLAssetLoaderServi - Loading from file system: jar:file:///home/aritn/.m2/repository/com/github/almasb/fxgl/17.3/fxgl-17.3.jar!/fxglassets/textures/particles/smoke.png
18:24:13.709 [FXGL Background Thread 1 ] DEBUG FXGLAssetLoaderServi - Loading from file system: jar:file:///home/aritn/.m2/repository/com/github/almasb/fxgl/17.3/fxgl-17.3.jar!/fxglassets/textures/particles/trace_horizontal.png
18:24:13.723 [FXGL Background Thread 1 ] DEBUG GameApplicationServi - Application scenes initialized
18:24:13.729 [FXGL Background Thread 1 ] DEBUG SystemBundleService  - Loading FXGL system data
18:24:13.731 [FXGL Background Thread 1 ] DEBUG FileSystemAccess     - Reading from: /home/aritn/Documents/Projects/IdeaProjects/Chess/system/fxgl.bundle
18:24:13.734 [FXGL Background Thread 1 ] DEBUG SystemBundleService  - Bundle FXGL: {}
18:24:13.734 [FXGL Background Thread 1 ] DEBUG UpdaterService       - Checking for updates
18:24:13.736 [FXGL Background Thread 4 ] DEBUG FXGLApplication      - Loading fonts
18:24:13.736 [FXGL Background Thread 1 ] DEBUG FXGLApplication      - Loading default localization
18:24:13.737 [FXGL Background Thread 4 ] DEBUG FXGLAssetLoaderServi - Loading from file system: jar:file:///home/aritn/.m2/repository/com/github/almasb/fxgl/17.3/fxgl-17.3.jar!/fxglassets/ui/fonts/VarelaRound-Regular.ttf
18:24:13.737 [FXGL Background Thread 1 ] DEBUG FXGLAssetLoaderServi - Loading from file system: jar:file:///home/aritn/.m2/repository/com/github/almasb/fxgl/17.3/fxgl-17.3.jar!/fxglassets/languages/english.lang
18:24:13.745 [FXGL Background Thread 4 ] DEBUG FXGLAssetLoaderServi - Loading from file system: jar:file:///home/aritn/.m2/repository/com/github/almasb/fxgl/17.3/fxgl-17.3.jar!/fxglassets/ui/fonts/Abel-Regular.ttf
18:24:13.747 [FXGL Background Thread 4 ] DEBUG FXGLAssetLoaderServi - Loading from file system: jar:file:///home/aritn/.m2/repository/com/github/almasb/fxgl/17.3/fxgl-17.3.jar!/fxglassets/ui/fonts/TerminalLandMono-Regular.otf
18:24:13.748 [FXGL Background Thread 4 ] DEBUG FXGLAssetLoaderServi - Loading from file system: jar:file:///home/aritn/.m2/repository/com/github/almasb/fxgl/17.3/fxgl-17.3.jar!/fxglassets/ui/fonts/Courier-Prime.ttf
18:24:13.750 [JavaFX Application Thread] DEBUG FXGLApplication      - Registering font factories with UI factory
18:24:13.751 [FXGL Background Thread 1 ] INFO  FXGLApplication      - FXGL initialization took: 0.198 sec
18:24:13.751 [JavaFX Application Thread] DEBUG FXGLAssetLoaderServi - Loading from file system: jar:file:///home/aritn/.m2/repository/com/github/almasb/fxgl/17.3/fxgl-17.3.jar!/fxglassets/textures/fxgl_icon.png
18:24:13.762 [JavaFX Application Thread] DEBUG FXGLAssetLoaderServi - Loading from file system: jar:file:///home/aritn/.m2/repository/com/github/almasb/fxgl/17.3/fxgl-17.3.jar!/fxglassets/textures/fxgl_default_cursor.png
18:24:13.767 [JavaFX Application Thread] DEBUG Input                - Registered new binding: Screenshot - CTRL+8
18:24:13.768 [JavaFX Application Thread] DEBUG Input                - Registered new binding: System info dump - CTRL+9
18:24:13.768 [JavaFX Application Thread] DEBUG Input                - Registered new binding: Restart - CTRL+R
18:24:13.768 [JavaFX Application Thread] DEBUG Input                - Registered new binding: Toggle Debug Camera - CTRL+7
18:24:13.769 [JavaFX Application Thread] DEBUG LoopRunner           - Starting loop
18:24:13.769 [JavaFX Application Thread] DEBUG LoopRunner           - Initializing JavaFX AnimationTimerLoop
18:24:13.769 [JavaFX Application Thread] DEBUG GameApplicationServi - Starting new game
18:24:13.769 [JavaFX Application Thread] DEBUG Input                - Clearing active input actions
18:24:13.775 [JavaFX Application Thread] DEBUG GameApplicationServi - Removing overlay from FXGLStartupScene and adding to FXGLLoadingScene
18:24:13.775 [JavaFX Application Thread] DEBUG PrimaryStageWindow   - FXGLStartupScene -> FXGLLoadingScene
18:24:13.775 [JavaFX Application Thread] DEBUG GameApplicationServi - Clearing previous game
18:24:13.776 [JavaFX Application Thread] DEBUG GameScene            - Clearing game scene
18:24:13.776 [JavaFX Application Thread] DEBUG GameWorld            - Clearing game world
18:24:13.776 [JavaFX Application Thread] DEBUG PhysicsWorld         - Clearing physics world
18:24:13.776 [FXGL Background Thread 1 ] DEBUG FXGLApplication      - Initializing game
18:24:13.777 [FXGL Background Thread 1 ] DEBUG FXGLAssetLoaderServi - Loading from file system: file:/home/aritn/Documents/Projects/IdeaProjects/Chess/target/classes/assets/textures/blue-marble.jpg
18:24:13.796 [FXGL Background Thread 1 ] DEBUG FXGLAssetLoaderServi - Loading from file system: file:/home/aritn/Documents/Projects/IdeaProjects/Chess/target/classes/assets/textures/wR.png
18:24:13.812 [FXGL Background Thread 1 ] DEBUG FXGLAssetLoaderServi - Loading from file system: file:/home/aritn/Documents/Projects/IdeaProjects/Chess/target/classes/assets/textures/wN.png
18:24:13.821 [FXGL Background Thread 1 ] DEBUG FXGLAssetLoaderServi - Loading from file system: file:/home/aritn/Documents/Projects/IdeaProjects/Chess/target/classes/assets/textures/wB.png
18:24:13.829 [FXGL Background Thread 1 ] DEBUG FXGLAssetLoaderServi - Loading from file system: file:/home/aritn/Documents/Projects/IdeaProjects/Chess/target/classes/assets/textures/wQ.png
18:24:13.865 [FXGL Background Thread 1 ] DEBUG FXGLAssetLoaderServi - Loading from file system: file:/home/aritn/Documents/Projects/IdeaProjects/Chess/target/classes/assets/textures/wK.png
18:24:13.871 [FXGL Background Thread 1 ] DEBUG FXGLAssetLoaderServi - Loading from file system: file:/home/aritn/Documents/Projects/IdeaProjects/Chess/target/classes/assets/textures/wP.png
18:24:13.876 [FXGL Background Thread 1 ] DEBUG FXGLAssetLoaderServi - Loading from file system: file:/home/aritn/Documents/Projects/IdeaProjects/Chess/target/classes/assets/textures/bP.png
18:24:13.883 [FXGL Background Thread 1 ] DEBUG FXGLAssetLoaderServi - Loading from file system: file:/home/aritn/Documents/Projects/IdeaProjects/Chess/target/classes/assets/textures/bR.png
18:24:13.889 [FXGL Background Thread 1 ] DEBUG FXGLAssetLoaderServi - Loading from file system: file:/home/aritn/Documents/Projects/IdeaProjects/Chess/target/classes/assets/textures/bN.png
18:24:13.894 [FXGL Background Thread 1 ] DEBUG FXGLAssetLoaderServi - Loading from file system: file:/home/aritn/Documents/Projects/IdeaProjects/Chess/target/classes/assets/textures/bB.png
18:24:13.900 [FXGL Background Thread 1 ] DEBUG FXGLAssetLoaderServi - Loading from file system: file:/home/aritn/Documents/Projects/IdeaProjects/Chess/target/classes/assets/textures/bQ.png
18:24:13.906 [FXGL Background Thread 1 ] DEBUG FXGLAssetLoaderServi - Loading from file system: file:/home/aritn/Documents/Projects/IdeaProjects/Chess/target/classes/assets/textures/bK.png
18:24:13.913 [FXGL Background Thread 1 ] INFO  FXGLApplication      - Game initialization took: 0.136 sec
18:24:13.913 [JavaFX Application Thread] DEBUG Input                - Clearing active input actions
18:24:13.923 [JavaFX Application Thread] DEBUG GameApplicationServi - Removing overlay from FXGLLoadingScene and adding to GameScene
18:24:13.923 [JavaFX Application Thread] DEBUG PrimaryStageWindow   - FXGLLoadingScene -> GameScene
18:24:15.272 [FXGL Background Thread 2 ] INFO  UpdaterService       - Your current version:  17.3
18:24:15.272 [FXGL Background Thread 2 ] INFO  UpdaterService       - Latest stable version: 21.1
18:24:16.735 [FXGL Background Thread 3 ] DEBUG Engine               - Logging environment variables
18:24:16.736 [FXGL Background Thread 3 ] DEBUG Engine               - achievements: []
18:24:16.736 [FXGL Background Thread 3 ] DEBUG Engine               - actualHeight: 821.0
18:24:16.736 [FXGL Background Thread 3 ] DEBUG Engine               - actualHeightProperty: ReadOnlyDoubleProperty [value: 853.0]
18:24:16.736 [FXGL Background Thread 3 ] DEBUG Engine               - actualWidth: 798.0
18:24:16.736 [FXGL Background Thread 3 ] DEBUG Engine               - actualWidthProperty: ReadOnlyDoubleProperty [value: 806.0]
18:24:16.736 [FXGL Background Thread 3 ] DEBUG Engine               - appIcon: fxgl_icon.png
18:24:16.736 [FXGL Background Thread 3 ] DEBUG Engine               - applicationMode: DEVELOPER
18:24:16.736 [FXGL Background Thread 3 ] DEBUG Engine               - cSSList: [fxgl_dark.css]
18:24:16.736 [FXGL Background Thread 3 ] DEBUG Engine               - collisionDetectionStrategy: BRUTE_FORCE
18:24:16.736 [FXGL Background Thread 3 ] DEBUG Engine               - configClass: Optional.empty
18:24:16.736 [FXGL Background Thread 3 ] DEBUG Engine               - credits: []
18:24:16.737 [FXGL Background Thread 3 ] DEBUG Engine               - defaultCursor: CursorInfo(imageName=fxgl_default_cursor.png, hotspotX=7.0, hotspotY=6.0)
18:24:16.737 [FXGL Background Thread 3 ] DEBUG Engine               - devBBoxColorProperty: ObjectProperty [value: 0xff0000ff]
18:24:16.737 [FXGL Background Thread 3 ] DEBUG Engine               - devEnableDebugCameraProperty: BooleanProperty [value: false]
18:24:16.737 [FXGL Background Thread 3 ] DEBUG Engine               - devSensorColorProperty: ObjectProperty [value: 0xffff00ff]
18:24:16.737 [FXGL Background Thread 3 ] DEBUG Engine               - devShowBBoxProperty: BooleanProperty [value: false]
18:24:16.737 [FXGL Background Thread 3 ] DEBUG Engine               - devShowPositionProperty: BooleanProperty [value: false]
18:24:16.737 [FXGL Background Thread 3 ] DEBUG Engine               - enabledMenuItems: []
18:24:16.737 [FXGL Background Thread 3 ] DEBUG Engine               - engineServices: [class com.almasb.fxgl.app.services.FXGLAssetLoaderService, class com.almasb.fxgl.app.FXGLApplication$GameApplicationService, class com.almasb.fxgl.app.services.FXGLDialogService, class com.almasb.fxgl.app.services.IOTaskExecutorService, class com.almasb.fxgl.io.FileSystemService, class com.almasb.fxgl.localization.LocalizationService, class com.almasb.fxgl.app.services.SystemBundleService, class com.almasb.fxgl.profile.SaveLoadService, class com.almasb.fxgl.ui.FXGLUIFactoryServiceProvider, class com.almasb.fxgl.ui.FXGLDialogFactoryServiceProvider, class com.almasb.fxgl.audio.AudioPlayer, class com.almasb.fxgl.notification.impl.NotificationServiceProvider, class com.almasb.fxgl.achievement.AchievementService, class com.almasb.fxgl.cutscene.CutsceneService, class com.almasb.fxgl.minigames.MiniGameService, class com.almasb.fxgl.net.NetService, class com.almasb.fxgl.app.services.UpdaterService, class com.almasb.fxgl.dev.DevService]
18:24:16.737 [FXGL Background Thread 3 ] DEBUG Engine               - fontGame: Abel-Regular.ttf
18:24:16.737 [FXGL Background Thread 3 ] DEBUG Engine               - fontMono: TerminalLandMono-Regular.otf
18:24:16.737 [FXGL Background Thread 3 ] DEBUG Engine               - fontSizeScaleUI: 1.0
18:24:16.737 [FXGL Background Thread 3 ] DEBUG Engine               - fontText: Courier-Prime.ttf
18:24:16.737 [FXGL Background Thread 3 ] DEBUG Engine               - fontUI: VarelaRound-Regular.ttf
18:24:16.737 [FXGL Background Thread 3 ] DEBUG Engine               - fullScreen: BooleanProperty [value: false]
18:24:16.737 [FXGL Background Thread 3 ] DEBUG Engine               - gameDifficulty: MEDIUM
18:24:16.737 [FXGL Background Thread 3 ] DEBUG Engine               - gameDifficultyProperty: ObjectProperty [value: MEDIUM]
18:24:16.738 [FXGL Background Thread 3 ] DEBUG Engine               - globalMusicVolume: 0.5
18:24:16.738 [FXGL Background Thread 3 ] DEBUG Engine               - globalMusicVolumeProperty: DoubleProperty [value: 0.5]
18:24:16.738 [FXGL Background Thread 3 ] DEBUG Engine               - globalSoundVolume: 0.5
18:24:16.738 [FXGL Background Thread 3 ] DEBUG Engine               - globalSoundVolumeProperty: DoubleProperty [value: 0.5]
18:24:16.738 [FXGL Background Thread 3 ] DEBUG Engine               - height: 850
18:24:16.738 [FXGL Background Thread 3 ] DEBUG Engine               - is3D: false
18:24:16.738 [FXGL Background Thread 3 ] DEBUG Engine               - isAndroid: false
18:24:16.738 [FXGL Background Thread 3 ] DEBUG Engine               - isBrowser: false
18:24:16.738 [FXGL Background Thread 3 ] DEBUG Engine               - isClickFeedbackEnabled: false
18:24:16.738 [FXGL Background Thread 3 ] DEBUG Engine               - isCloseConfirmation: false
18:24:16.738 [FXGL Background Thread 3 ] DEBUG Engine               - isDesktop: true
18:24:16.738 [FXGL Background Thread 3 ] DEBUG Engine               - isDeveloperMenuEnabled: false
18:24:16.738 [FXGL Background Thread 3 ] DEBUG Engine               - isEmbedded: false
18:24:16.738 [FXGL Background Thread 3 ] DEBUG Engine               - isEntityPreloadEnabled: true
18:24:16.738 [FXGL Background Thread 3 ] DEBUG Engine               - isExperimentalTiledLargeMap: false
18:24:16.738 [FXGL Background Thread 3 ] DEBUG Engine               - isFileSystemWriteAllowed: true
18:24:16.738 [FXGL Background Thread 3 ] DEBUG Engine               - isFullScreenAllowed: false
18:24:16.738 [FXGL Background Thread 3 ] DEBUG Engine               - isFullScreenFromStart: false
18:24:16.738 [FXGL Background Thread 3 ] DEBUG Engine               - isGameMenuEnabled: true
18:24:16.738 [FXGL Background Thread 3 ] DEBUG Engine               - isIOS: false
18:24:16.738 [FXGL Background Thread 3 ] DEBUG Engine               - isIntroEnabled: false
18:24:16.738 [FXGL Background Thread 3 ] DEBUG Engine               - isLinux: true
18:24:16.738 [FXGL Background Thread 3 ] DEBUG Engine               - isMac: false
18:24:16.738 [FXGL Background Thread 3 ] DEBUG Engine               - isMainMenuEnabled: false
18:24:16.738 [FXGL Background Thread 3 ] DEBUG Engine               - isManualResizeEnabled: false
18:24:16.738 [FXGL Background Thread 3 ] DEBUG Engine               - isMobile: false
18:24:16.739 [FXGL Background Thread 3 ] DEBUG Engine               - isNative: false
18:24:16.739 [FXGL Background Thread 3 ] DEBUG Engine               - isPauseMusicWhenMinimized: true
18:24:16.739 [FXGL Background Thread 3 ] DEBUG Engine               - isPreserveResizeRatio: false
18:24:16.739 [FXGL Background Thread 3 ] DEBUG Engine               - isProfilingEnabled: false
18:24:16.739 [FXGL Background Thread 3 ] DEBUG Engine               - isScaleAffectedOnResize: true
18:24:16.739 [FXGL Background Thread 3 ] DEBUG Engine               - isSingleStep: false
18:24:16.739 [FXGL Background Thread 3 ] DEBUG Engine               - isUserProfileEnabled: false
18:24:16.739 [FXGL Background Thread 3 ] DEBUG Engine               - isWindows: false
18:24:16.739 [FXGL Background Thread 3 ] DEBUG Engine               - language: ObjectProperty [value: ENGLISH]
18:24:16.739 [FXGL Background Thread 3 ] DEBUG Engine               - menuKey: ESCAPE
18:24:16.739 [FXGL Background Thread 3 ] DEBUG Engine               - mouseSensitivity: 0.2
18:24:16.739 [FXGL Background Thread 3 ] DEBUG Engine               - notificationViewClass: class com.almasb.fxgl.notification.view.XboxNotificationView
18:24:16.739 [FXGL Background Thread 3 ] DEBUG Engine               - pixelsPerMeter: 50.0
18:24:16.739 [FXGL Background Thread 3 ] DEBUG Engine               - platform: LINUX
18:24:16.739 [FXGL Background Thread 3 ] DEBUG Engine               - prefHeightProperty: ReadOnlyDoubleProperty [value: 850.0]
18:24:16.739 [FXGL Background Thread 3 ] DEBUG Engine               - prefWidthProperty: ReadOnlyDoubleProperty [value: 800.0]
18:24:16.739 [FXGL Background Thread 3 ] DEBUG Engine               - profileDir: profiles/
18:24:16.739 [FXGL Background Thread 3 ] DEBUG Engine               - profileName: StringProperty [value: DEFAULT]
18:24:16.739 [FXGL Background Thread 3 ] DEBUG Engine               - randomSeed: -1
18:24:16.739 [FXGL Background Thread 3 ] DEBUG Engine               - runtimeInfo: RuntimeInfo(platform=LINUX, version=17.3, build=30.03.2023 11.49)
18:24:16.739 [FXGL Background Thread 3 ] DEBUG Engine               - saveFileExt: sav
18:24:16.739 [FXGL Background Thread 3 ] DEBUG Engine               - scaledHeightProp$fxgl: DoubleProperty [bound, value: 853.0]
18:24:16.739 [FXGL Background Thread 3 ] DEBUG Engine               - scaledWidthProp$fxgl: DoubleProperty [bound, value: 806.0]
18:24:16.739 [FXGL Background Thread 3 ] DEBUG Engine               - sceneFactory: com.almasb.fxgl.app.scene.SceneFactory@26220165
18:24:16.739 [FXGL Background Thread 3 ] DEBUG Engine               - secondsIn24h: 60
18:24:16.739 [FXGL Background Thread 3 ] DEBUG Engine               - soundMenuBack: menu/back.wav
18:24:16.739 [FXGL Background Thread 3 ] DEBUG Engine               - soundMenuPress: menu/press.wav
18:24:16.739 [FXGL Background Thread 3 ] DEBUG Engine               - soundMenuSelect: menu/select.wav
18:24:16.739 [FXGL Background Thread 3 ] DEBUG Engine               - soundNotification: core/notification.wav
18:24:16.739 [FXGL Background Thread 3 ] DEBUG Engine               - stageStyle: DECORATED
18:24:16.739 [FXGL Background Thread 3 ] DEBUG Engine               - supportedLanguages: [ENGLISH, FRENCH, GERMAN, HUNGARIAN, RUSSIAN]
18:24:16.739 [FXGL Background Thread 3 ] DEBUG Engine               - ticksPerSecond: -1
18:24:16.739 [FXGL Background Thread 3 ] DEBUG Engine               - title: Stupid chess game
18:24:16.739 [FXGL Background Thread 3 ] DEBUG Engine               - urlGithub: https://github.com/AlmasB/FXGL
18:24:16.739 [FXGL Background Thread 3 ] DEBUG Engine               - urlLeaderboard: http://fxgl-top.herokuapp.com/
18:24:16.739 [FXGL Background Thread 3 ] DEBUG Engine               - urlPOM: https://raw.githubusercontent.com/AlmasB/FXGL/release/README.md
18:24:16.739 [FXGL Background Thread 3 ] DEBUG Engine               - userAppClass: class chess.chess.GameBoardApplication
18:24:16.739 [FXGL Background Thread 3 ] DEBUG Engine               - version: 0.0
18:24:16.739 [FXGL Background Thread 3 ] DEBUG Engine               - versionCheckDays: 7
18:24:16.739 [FXGL Background Thread 3 ] DEBUG Engine               - width: 800
18:24:16.739 [FXGL Background Thread 3 ] DEBUG Engine               - Logging services
18:24:16.739 [FXGL Background Thread 3 ] DEBUG Engine               - class com.almasb.fxgl.app.services.FXGLAssetLoaderService
18:24:16.739 [FXGL Background Thread 3 ] DEBUG Engine               - class com.almasb.fxgl.app.FXGLApplication$GameApplicationService
18:24:16.739 [FXGL Background Thread 3 ] DEBUG Engine               - class com.almasb.fxgl.app.services.FXGLDialogService
18:24:16.739 [FXGL Background Thread 3 ] DEBUG Engine               - class com.almasb.fxgl.app.services.IOTaskExecutorService
18:24:16.739 [FXGL Background Thread 3 ] DEBUG Engine               - class com.almasb.fxgl.io.FileSystemService
18:24:16.739 [FXGL Background Thread 3 ] DEBUG Engine               - class com.almasb.fxgl.localization.LocalizationService
18:24:16.740 [FXGL Background Thread 3 ] DEBUG Engine               - class com.almasb.fxgl.app.services.SystemBundleService
18:24:16.740 [FXGL Background Thread 3 ] DEBUG Engine               - class com.almasb.fxgl.profile.SaveLoadService
18:24:16.740 [FXGL Background Thread 3 ] DEBUG Engine               - class com.almasb.fxgl.ui.FXGLUIFactoryServiceProvider
18:24:16.740 [FXGL Background Thread 3 ] DEBUG Engine               - class com.almasb.fxgl.ui.FXGLDialogFactoryServiceProvider
18:24:16.740 [FXGL Background Thread 3 ] DEBUG Engine               - class com.almasb.fxgl.audio.AudioPlayer
18:24:16.740 [FXGL Background Thread 3 ] DEBUG Engine               - class com.almasb.fxgl.notification.impl.NotificationServiceProvider
18:24:16.740 [FXGL Background Thread 3 ] DEBUG Engine               - class com.almasb.fxgl.achievement.AchievementService
18:24:16.740 [FXGL Background Thread 3 ] DEBUG Engine               - class com.almasb.fxgl.cutscene.CutsceneService
18:24:16.740 [FXGL Background Thread 3 ] DEBUG Engine               - class com.almasb.fxgl.minigames.MiniGameService
18:24:16.740 [FXGL Background Thread 3 ] DEBUG Engine               - class com.almasb.fxgl.net.NetService
18:24:16.740 [FXGL Background Thread 3 ] DEBUG Engine               - class com.almasb.fxgl.app.services.UpdaterService
18:24:16.740 [FXGL Background Thread 3 ] DEBUG Engine               - class com.almasb.fxgl.dev.DevService
18:24:17.990 [JavaFX Application Thread] DEBUG FXGLApplication      - Exiting FXGL
18:24:17.990 [JavaFX Application Thread] DEBUG LoopRunner           - Stopping loop
18:24:17.990 [JavaFX Application Thread] DEBUG SystemBundleService  - Saving FXGL system data
18:24:17.991 [JavaFX Application Thread] DEBUG FileSystemAccess     - Writing to: /home/aritn/Documents/Projects/IdeaProjects/Chess/system/fxgl.bundle
18:24:17.992 [JavaFX Application Thread] DEBUG Async                - Shutting down background threads
18:24:17.992 [JavaFX Application Thread] DEBUG PrimaryStageWindow   - Closing main window
18:24:17.993 [JavaFX Application Thread] DEBUG Logger               - Closing Logger
